2024-02-05 06:03:40.589 [info] Reading sessions from keychain...
2024-02-05 06:03:40.589 [info] Getting sessions for all scopes...
2024-02-05 06:03:40.589 [info] Getting sessions for user:email...
2024-02-05 06:03:40.589 [info] Got stored sessions!
2024-02-05 06:03:40.589 [info] Got 6 verified sessions.
2024-02-05 06:03:40.589 [info] Got 6 sessions for ...
2024-02-05 06:03:40.589 [info] Got 1 sessions for user:email...
2024-02-05 06:03:40.660 [info] Getting sessions for all scopes...
2024-02-05 06:03:40.660 [info] Got 6 sessions for ...
2024-02-05 06:03:40.671 [info] Getting sessions for codespace,read:user,repo,user:email...
2024-02-05 06:03:40.671 [info] Got 1 sessions for codespace,read:user,repo,user:email...
2024-02-05 06:03:40.722 [info] Getting sessions for all scopes...
2024-02-05 06:03:40.722 [info] Got 6 sessions for ...
2024-02-05 06:03:43.702 [info] Getting sessions for all scopes...
2024-02-05 06:03:43.703 [info] Got 6 sessions for ...
2024-02-05 06:03:44.967 [info] Getting sessions for all scopes...
2024-02-05 06:03:44.967 [info] Got 6 sessions for ...
2024-02-05 06:03:46.126 [info] Getting sessions for all scopes...
2024-02-05 06:03:46.126 [info] Got 6 sessions for ...
2024-02-05 06:03:46.748 [info] Getting sessions for read:user...
2024-02-05 06:03:46.749 [info] Getting sessions for all scopes...
2024-02-05 06:03:46.749 [info] Got 1 sessions for read:user...
2024-02-05 06:03:46.749 [info] Got 6 sessions for ...
2024-02-05 06:03:47.014 [info] Getting sessions for user:email...
2024-02-05 06:03:47.014 [info] Getting sessions for all scopes...
2024-02-05 06:03:47.014 [info] Got 1 sessions for user:email...
2024-02-05 06:03:47.015 [info] Got 6 sessions for ...
2024-02-05 06:03:47.329 [info] Getting sessions for project,read:org,read:user,repo,user:email,workflow...
2024-02-05 06:03:47.329 [info] Got 0 sessions for project,read:org,read:user,repo,user:email,workflow...
2024-02-05 06:03:49.082 [info] Getting sessions for read:user,repo,user:email,workflow...
2024-02-05 06:03:49.083 [info] Got 1 sessions for read:user,repo,user:email,workflow...
2024-02-05 06:03:52.466 [info] Getting sessions for read:user,repo,user:email,workflow...
2024-02-05 06:03:52.466 [info] Got 1 sessions for read:user,repo,user:email,workflow...
