2024-02-06 15:10:51.951 [info] Reading sessions from keychain...
2024-02-06 15:10:51.951 [info] Getting sessions for all scopes...
2024-02-06 15:10:51.951 [info] Getting sessions for user:email...
2024-02-06 15:10:51.951 [info] Got stored sessions!
2024-02-06 15:10:51.951 [info] Got 6 verified sessions.
2024-02-06 15:10:51.951 [info] Got 6 sessions for ...
2024-02-06 15:10:51.951 [info] Got 1 sessions for user:email...
2024-02-06 15:10:52.211 [info] Getting sessions for codespace,read:user,repo,user:email...
2024-02-06 15:10:52.211 [info] Got 1 sessions for codespace,read:user,repo,user:email...
2024-02-06 15:10:52.214 [info] Getting sessions for all scopes...
2024-02-06 15:10:52.214 [info] Got 6 sessions for ...
2024-02-06 15:10:57.147 [info] Getting sessions for all scopes...
2024-02-06 15:10:57.147 [info] Got 6 sessions for ...
2024-02-06 15:11:08.003 [info] Getting sessions for all scopes...
2024-02-06 15:11:08.004 [info] Got 6 sessions for ...
2024-02-06 15:11:08.353 [info] Getting sessions for all scopes...
2024-02-06 15:11:08.354 [info] Got 6 sessions for ...
2024-02-06 15:11:08.628 [info] Getting sessions for read:user...
2024-02-06 15:11:08.628 [info] Getting sessions for all scopes...
2024-02-06 15:11:08.628 [info] Got 1 sessions for read:user...
2024-02-06 15:11:08.628 [info] Got 6 sessions for ...
2024-02-06 15:11:09.794 [info] Getting sessions for all scopes...
2024-02-06 15:11:09.795 [info] Got 6 sessions for ...
2024-02-06 15:11:10.296 [info] Getting sessions for user:email...
2024-02-06 15:11:10.296 [info] Getting sessions for project,read:org,read:user,repo,user:email,workflow...
2024-02-06 15:11:10.296 [info] Got 1 sessions for user:email...
2024-02-06 15:11:10.296 [info] Got 0 sessions for project,read:org,read:user,repo,user:email,workflow...
2024-02-06 15:11:12.070 [info] Getting sessions for read:user,repo,user:email,workflow...
2024-02-06 15:11:12.070 [info] Got 1 sessions for read:user,repo,user:email,workflow...
2024-02-06 15:11:14.191 [info] Getting sessions for read:user,repo,user:email,workflow...
2024-02-06 15:11:14.191 [info] Got 1 sessions for read:user,repo,user:email,workflow...
