2024-02-07 02:22:48.340 [info] Reading sessions from keychain...
2024-02-07 02:22:48.340 [info] Getting sessions for all scopes...
2024-02-07 02:22:48.340 [info] Getting sessions for user:email...
2024-02-07 02:22:48.340 [info] Got stored sessions!
2024-02-07 02:22:48.340 [info] Got 6 verified sessions.
2024-02-07 02:22:48.341 [info] Got 6 sessions for ...
2024-02-07 02:22:48.341 [info] Got 1 sessions for user:email...
2024-02-07 02:22:48.355 [info] Getting sessions for all scopes...
2024-02-07 02:22:48.355 [info] Got 6 sessions for ...
2024-02-07 02:22:54.686 [info] Getting sessions for codespace,read:user,repo,user:email...
2024-02-07 02:22:54.686 [info] Got 1 sessions for codespace,read:user,repo,user:email...
2024-02-07 02:22:54.732 [info] Getting sessions for all scopes...
2024-02-07 02:22:54.732 [info] Got 6 sessions for ...
2024-02-07 02:22:54.957 [info] Getting sessions for all scopes...
2024-02-07 02:22:54.958 [info] Got 6 sessions for ...
2024-02-07 02:22:59.863 [info] Getting sessions for all scopes...
2024-02-07 02:22:59.863 [info] Got 6 sessions for ...
2024-02-07 02:23:00.050 [info] Getting sessions for read:user...
2024-02-07 02:23:00.051 [info] Getting sessions for all scopes...
2024-02-07 02:23:00.053 [info] Got 1 sessions for read:user...
2024-02-07 02:23:00.053 [info] Got 6 sessions for ...
2024-02-07 02:23:00.173 [info] Getting sessions for user:email...
2024-02-07 02:23:00.173 [info] Getting sessions for all scopes...
2024-02-07 02:23:00.173 [info] Got 1 sessions for user:email...
2024-02-07 02:23:00.173 [info] Got 6 sessions for ...
2024-02-07 02:23:00.439 [info] Getting sessions for project,read:org,read:user,repo,user:email,workflow...
2024-02-07 02:23:00.439 [info] Getting sessions for all scopes...
2024-02-07 02:23:00.439 [info] Got 0 sessions for project,read:org,read:user,repo,user:email,workflow...
2024-02-07 02:23:00.440 [info] Got 6 sessions for ...
2024-02-07 02:23:03.924 [info] Getting sessions for read:user,repo,user:email,workflow...
2024-02-07 02:23:03.924 [info] Got 1 sessions for read:user,repo,user:email,workflow...
2024-02-07 02:23:06.160 [info] Getting sessions for read:user,repo,user:email,workflow...
2024-02-07 02:23:06.160 [info] Got 1 sessions for read:user,repo,user:email,workflow...
