2024-02-05 05:46:03.005 [info] Reading sessions from keychain...
2024-02-05 05:46:03.005 [info] Getting sessions for all scopes...
2024-02-05 05:46:03.006 [info] Getting sessions for user:email...
2024-02-05 05:46:03.006 [info] Getting sessions for all scopes...
2024-02-05 05:46:03.007 [info] Got stored sessions!
2024-02-05 05:46:03.007 [info] Got 6 verified sessions.
2024-02-05 05:46:03.007 [info] Got 6 sessions for ...
2024-02-05 05:46:03.007 [info] Got 1 sessions for user:email...
2024-02-05 05:46:03.008 [info] Got 6 sessions for ...
2024-02-05 05:46:05.247 [info] Getting sessions for codespace,read:user,repo,user:email...
2024-02-05 05:46:05.247 [info] Getting sessions for all scopes...
2024-02-05 05:46:05.247 [info] Got 1 sessions for codespace,read:user,repo,user:email...
2024-02-05 05:46:05.247 [info] Got 6 sessions for ...
2024-02-05 05:46:07.424 [info] Getting sessions for all scopes...
2024-02-05 05:46:07.425 [info] Got 6 sessions for ...
2024-02-05 05:46:15.372 [info] Getting sessions for all scopes...
2024-02-05 05:46:15.378 [info] Got 6 sessions for ...
2024-02-05 05:46:15.581 [info] Getting sessions for project,read:org,read:user,repo,user:email,workflow...
2024-02-05 05:46:15.582 [info] Getting sessions for all scopes...
2024-02-05 05:46:15.582 [info] Got 0 sessions for project,read:org,read:user,repo,user:email,workflow...
2024-02-05 05:46:15.582 [info] Got 6 sessions for ...
2024-02-05 05:46:15.985 [info] Getting sessions for all scopes...
2024-02-05 05:46:15.985 [info] Got 6 sessions for ...
2024-02-05 05:46:16.311 [info] Getting sessions for all scopes...
2024-02-05 05:46:16.315 [info] Got 6 sessions for ...
2024-02-05 05:46:19.353 [info] Getting sessions for read:user,repo,user:email,workflow...
2024-02-05 05:46:19.353 [info] Got 1 sessions for read:user,repo,user:email,workflow...
2024-02-05 05:46:26.899 [info] Getting sessions for read:user...
2024-02-05 05:46:26.899 [info] Got 1 sessions for read:user...
2024-02-05 05:46:31.049 [info] Getting sessions for user:email...
2024-02-05 05:46:31.049 [info] Getting sessions for read:user,repo,user:email,workflow...
2024-02-05 05:46:31.049 [info] Got 1 sessions for user:email...
2024-02-05 05:46:31.049 [info] Got 1 sessions for read:user,repo,user:email,workflow...
2024-02-05 05:47:04.297 [info] Getting sessions for read:user,repo,user:email,workflow...
2024-02-05 05:47:04.298 [info] Got 1 sessions for read:user,repo,user:email,workflow...
2024-02-05 05:47:12.268 [info] Getting sessions for read:user,repo,user:email,workflow...
2024-02-05 05:47:12.268 [info] Got 1 sessions for read:user,repo,user:email,workflow...
