2024-02-06 08:47:20.864 [info] Reading sessions from keychain...
2024-02-06 08:47:20.864 [info] Getting sessions for all scopes...
2024-02-06 08:47:20.864 [info] Getting sessions for user:email...
2024-02-06 08:47:20.882 [info] Got stored sessions!
2024-02-06 08:47:20.882 [info] Got 6 verified sessions.
2024-02-06 08:47:20.882 [info] Got 6 sessions for ...
2024-02-06 08:47:20.882 [info] Got 1 sessions for user:email...
2024-02-06 08:47:20.886 [info] Getting sessions for all scopes...
2024-02-06 08:47:20.886 [info] Got 6 sessions for ...
2024-02-06 08:47:21.745 [info] Getting sessions for codespace,read:user,repo,user:email...
2024-02-06 08:47:21.746 [info] Got 1 sessions for codespace,read:user,repo,user:email...
2024-02-06 08:47:21.788 [info] Getting sessions for all scopes...
2024-02-06 08:47:21.789 [info] Got 6 sessions for ...
2024-02-06 08:47:22.573 [info] Getting sessions for all scopes...
2024-02-06 08:47:22.573 [info] Got 6 sessions for ...
2024-02-06 08:47:23.867 [info] Getting sessions for all scopes...
2024-02-06 08:47:23.867 [info] Got 6 sessions for ...
2024-02-06 08:47:24.647 [info] Getting sessions for all scopes...
2024-02-06 08:47:24.648 [info] Got 6 sessions for ...
2024-02-06 08:47:26.153 [info] Getting sessions for all scopes...
2024-02-06 08:47:26.153 [info] Got 6 sessions for ...
2024-02-06 08:47:26.325 [info] Getting sessions for read:user...
2024-02-06 08:47:26.325 [info] Getting sessions for all scopes...
2024-02-06 08:47:26.325 [info] Got 1 sessions for read:user...
2024-02-06 08:47:26.326 [info] Got 6 sessions for ...
2024-02-06 08:47:26.420 [info] Getting sessions for project,read:org,read:user,repo,user:email,workflow...
2024-02-06 08:47:26.420 [info] Got 0 sessions for project,read:org,read:user,repo,user:email,workflow...
2024-02-06 08:47:26.674 [info] Getting sessions for user:email...
2024-02-06 08:47:26.674 [info] Got 1 sessions for user:email...
2024-02-06 08:47:26.760 [info] Getting sessions for read:user,repo,user:email,workflow...
2024-02-06 08:47:26.760 [info] Got 1 sessions for read:user,repo,user:email,workflow...
2024-02-06 08:47:30.388 [info] Getting sessions for read:user,repo,user:email,workflow...
2024-02-06 08:47:30.389 [info] Got 1 sessions for read:user,repo,user:email,workflow...
