2024-02-07 00:37:56.216 [info] Reading sessions from keychain...
2024-02-07 00:37:56.216 [info] Getting sessions for all scopes...
2024-02-07 00:37:56.216 [info] Getting sessions for user:email...
2024-02-07 00:37:56.311 [info] Getting sessions for all scopes...
2024-02-07 00:37:56.311 [info] Got stored sessions!
2024-02-07 00:37:56.311 [info] Got 6 verified sessions.
2024-02-07 00:37:56.312 [info] Got 6 sessions for ...
2024-02-07 00:37:56.312 [info] Got 1 sessions for user:email...
2024-02-07 00:37:56.312 [info] Got 6 sessions for ...
2024-02-07 00:37:58.123 [info] Getting sessions for codespace,read:user,repo,user:email...
2024-02-07 00:37:58.123 [info] Got 1 sessions for codespace,read:user,repo,user:email...
2024-02-07 00:37:58.193 [info] Getting sessions for all scopes...
2024-02-07 00:37:58.193 [info] Got 6 sessions for ...
2024-02-07 00:38:01.471 [info] Getting sessions for all scopes...
2024-02-07 00:38:01.471 [info] Got 6 sessions for ...
2024-02-07 00:38:03.259 [info] Getting sessions for all scopes...
2024-02-07 00:38:03.260 [info] Got 6 sessions for ...
2024-02-07 00:38:03.509 [info] Getting sessions for read:user...
2024-02-07 00:38:03.509 [info] Getting sessions for all scopes...
2024-02-07 00:38:03.509 [info] Got 1 sessions for read:user...
2024-02-07 00:38:03.515 [info] Got 6 sessions for ...
2024-02-07 00:38:03.621 [info] Getting sessions for project,read:org,read:user,repo,user:email,workflow...
2024-02-07 00:38:03.621 [info] Getting sessions for user:email...
2024-02-07 00:38:03.621 [info] Getting sessions for all scopes...
2024-02-07 00:38:03.621 [info] Got 0 sessions for project,read:org,read:user,repo,user:email,workflow...
2024-02-07 00:38:03.621 [info] Got 1 sessions for user:email...
2024-02-07 00:38:03.621 [info] Got 6 sessions for ...
2024-02-07 00:38:03.882 [info] Getting sessions for all scopes...
2024-02-07 00:38:03.882 [info] Got 6 sessions for ...
2024-02-07 00:38:04.299 [info] Getting sessions for read:user,repo,user:email,workflow...
2024-02-07 00:38:04.299 [info] Got 1 sessions for read:user,repo,user:email,workflow...
2024-02-07 00:38:08.225 [info] Getting sessions for read:user,repo,user:email,workflow...
2024-02-07 00:38:08.225 [info] Got 1 sessions for read:user,repo,user:email,workflow...
