2024-02-07 08:39:42.274 [info] Reading sessions from keychain...
2024-02-07 08:39:42.274 [info] Getting sessions for all scopes...
2024-02-07 08:39:42.274 [info] Getting sessions for user:email...
2024-02-07 08:39:42.274 [info] Got stored sessions!
2024-02-07 08:39:42.274 [info] Got 6 verified sessions.
2024-02-07 08:39:42.274 [info] Got 6 sessions for ...
2024-02-07 08:39:42.274 [info] Got 1 sessions for user:email...
2024-02-07 08:39:42.274 [info] Getting sessions for all scopes...
2024-02-07 08:39:42.274 [info] Got 6 sessions for ...
2024-02-07 08:39:42.448 [info] Getting sessions for codespace,read:user,repo,user:email...
2024-02-07 08:39:42.448 [info] Getting sessions for all scopes...
2024-02-07 08:39:42.448 [info] Got 1 sessions for codespace,read:user,repo,user:email...
2024-02-07 08:39:42.448 [info] Got 6 sessions for ...
2024-02-07 08:39:46.306 [info] Getting sessions for all scopes...
2024-02-07 08:39:46.306 [info] Got 6 sessions for ...
2024-02-07 08:39:52.865 [info] Getting sessions for all scopes...
2024-02-07 08:39:52.865 [info] Got 6 sessions for ...
2024-02-07 08:39:53.299 [info] Getting sessions for all scopes...
2024-02-07 08:39:53.300 [info] Got 6 sessions for ...
2024-02-07 08:39:53.659 [info] Getting sessions for read:user...
2024-02-07 08:39:53.659 [info] Getting sessions for all scopes...
2024-02-07 08:39:53.659 [info] Got 1 sessions for read:user...
2024-02-07 08:39:53.660 [info] Got 6 sessions for ...
2024-02-07 08:39:55.096 [info] Getting sessions for all scopes...
2024-02-07 08:39:55.097 [info] Got 6 sessions for ...
2024-02-07 08:39:55.102 [info] Getting sessions for user:email...
2024-02-07 08:39:55.102 [info] Got 1 sessions for user:email...
2024-02-07 08:39:55.379 [info] Getting sessions for project,read:org,read:user,repo,user:email,workflow...
2024-02-07 08:39:55.379 [info] Got 0 sessions for project,read:org,read:user,repo,user:email,workflow...
2024-02-07 08:39:56.949 [info] Getting sessions for read:user,repo,user:email,workflow...
2024-02-07 08:39:56.949 [info] Got 1 sessions for read:user,repo,user:email,workflow...
2024-02-07 08:39:59.168 [info] Getting sessions for read:user,repo,user:email,workflow...
2024-02-07 08:39:59.168 [info] Got 1 sessions for read:user,repo,user:email,workflow...
