2024-02-07 08:44:36.883 [info] Reading sessions from keychain...
2024-02-07 08:44:36.883 [info] Getting sessions for all scopes...
2024-02-07 08:44:36.883 [info] Getting sessions for user:email...
2024-02-07 08:44:36.883 [info] Got stored sessions!
2024-02-07 08:44:36.883 [info] Got 6 verified sessions.
2024-02-07 08:44:36.883 [info] Got 6 sessions for ...
2024-02-07 08:44:36.883 [info] Got 1 sessions for user:email...
2024-02-07 08:44:36.883 [info] Getting sessions for all scopes...
2024-02-07 08:44:36.883 [info] Got 6 sessions for ...
2024-02-07 08:44:37.072 [info] Getting sessions for codespace,read:user,repo,user:email...
2024-02-07 08:44:37.072 [info] Getting sessions for read:user...
2024-02-07 08:44:37.072 [info] Got 1 sessions for codespace,read:user,repo,user:email...
2024-02-07 08:44:37.072 [info] Got 1 sessions for read:user...
2024-02-07 08:44:37.089 [info] Getting sessions for all scopes...
2024-02-07 08:44:37.089 [info] Got 6 sessions for ...
2024-02-07 08:44:40.421 [info] Getting sessions for user:email...
2024-02-07 08:44:40.421 [info] Getting sessions for all scopes...
2024-02-07 08:44:40.421 [info] Got 1 sessions for user:email...
2024-02-07 08:44:40.421 [info] Got 6 sessions for ...
2024-02-07 08:44:43.090 [info] Getting sessions for all scopes...
2024-02-07 08:44:43.090 [info] Got 6 sessions for ...
2024-02-07 08:44:43.302 [info] Getting sessions for all scopes...
2024-02-07 08:44:43.303 [info] Got 6 sessions for ...
2024-02-07 08:44:45.637 [info] Getting sessions for project,read:org,read:user,repo,user:email,workflow...
2024-02-07 08:44:45.638 [info] Getting sessions for all scopes...
2024-02-07 08:44:45.638 [info] Got 0 sessions for project,read:org,read:user,repo,user:email,workflow...
2024-02-07 08:44:45.638 [info] Got 6 sessions for ...
2024-02-07 08:44:45.725 [info] Getting sessions for all scopes...
2024-02-07 08:44:45.725 [info] Got 6 sessions for ...
2024-02-07 08:44:48.210 [info] Getting sessions for read:user,repo,user:email,workflow...
2024-02-07 08:44:48.210 [info] Got 1 sessions for read:user,repo,user:email,workflow...
2024-02-07 08:44:50.165 [info] Getting sessions for read:user,repo,user:email,workflow...
2024-02-07 08:44:50.165 [info] Got 1 sessions for read:user,repo,user:email,workflow...
