[2024-02-05 05:45:53.787] Starting Git Graph ...
[2024-02-05 05:45:54.098] Using git (version: 2.43.0)
[2024-02-05 05:45:54.161] Started Git Graph - Ready to use!
[2024-02-05 05:45:54.168] Searching workspace for new repos ...
[2024-02-05 05:45:54.220] > git rev-parse --show-toplevel
[2024-02-05 05:45:54.242] Completed searching workspace for new repos
[2024-02-05 05:45:55.452] Successfully set Visual Studio Code Context "git-graph:codiconsSupported" to "true"
[2024-02-05 05:45:56.826] > git rev-parse --show-toplevel
[2024-02-05 05:45:56.894] > git rev-parse --show-toplevel
[2024-02-05 05:45:56.934] > git rev-parse --show-toplevel
[2024-02-05 05:45:56.976] > git rev-parse --show-toplevel
[2024-02-05 05:45:57.017] > git rev-parse --show-toplevel
[2024-02-05 05:45:57.060] > git rev-parse --show-toplevel
[2024-02-05 05:45:57.113] > git rev-parse --show-toplevel
[2024-02-05 05:45:57.206] > git rev-parse --show-toplevel
[2024-02-05 05:45:57.328] > git rev-parse --show-toplevel
[2024-02-05 05:45:57.422] > git rev-parse --show-toplevel
[2024-02-05 05:45:57.481] > git rev-parse --show-toplevel
[2024-02-05 05:45:57.526] > git rev-parse --show-toplevel
[2024-02-05 05:45:57.547] > git rev-parse --show-toplevel
[2024-02-05 05:45:57.559] > git rev-parse --show-toplevel
[2024-02-05 05:45:57.608] > git rev-parse --show-toplevel
[2024-02-05 05:45:57.664] > git rev-parse --show-toplevel
[2024-02-05 05:45:57.747] > git rev-parse --show-toplevel
[2024-02-05 05:45:57.942] > git rev-parse --show-toplevel
[2024-02-05 05:45:58.355] > git rev-parse --show-toplevel
[2024-02-05 05:45:58.420] > git rev-parse --show-toplevel
[2024-02-05 05:45:58.460] > git rev-parse --show-toplevel
[2024-02-05 05:45:58.473] > git rev-parse --show-toplevel
[2024-02-05 05:45:58.525] > git rev-parse --show-toplevel
[2024-02-05 05:45:58.587] > git rev-parse --show-toplevel
[2024-02-05 05:45:58.780] > git rev-parse --show-toplevel
[2024-02-05 05:45:58.854] > git rev-parse --show-toplevel
[2024-02-05 05:45:58.922] > git rev-parse --show-toplevel
[2024-02-05 05:45:59.030] > git rev-parse --show-toplevel
[2024-02-05 05:45:59.098] > git rev-parse --show-toplevel
[2024-02-05 05:45:59.181] > git rev-parse --show-toplevel
[2024-02-05 05:45:59.243] > git rev-parse --show-toplevel
[2024-02-05 05:45:59.280] > git rev-parse --show-toplevel
[2024-02-05 05:45:59.316] > git rev-parse --show-toplevel
[2024-02-05 05:45:59.364] > git rev-parse --show-toplevel
[2024-02-05 05:45:59.422] > git rev-parse --show-toplevel
[2024-02-05 05:45:59.467] > git rev-parse --show-toplevel
[2024-02-05 05:46:04.190] > git rev-parse --show-toplevel
[2024-02-05 05:46:04.268] > git rev-parse --show-toplevel
[2024-02-05 05:46:04.495] > git rev-parse --show-toplevel
[2024-02-05 05:46:05.109] > git rev-parse --show-toplevel
[2024-02-05 05:46:15.560] > git rev-parse --show-toplevel
[2024-02-05 05:46:35.817] > git rev-parse --show-toplevel
[2024-02-05 05:46:40.285] > git rev-parse --show-toplevel
[2024-02-05 05:46:40.488] > git rev-parse --show-toplevel
[2024-02-05 05:46:40.886] > git rev-parse --show-toplevel
[2024-02-05 05:46:41.466] > git rev-parse --show-toplevel
[2024-02-05 05:46:41.698] > git rev-parse --show-toplevel
[2024-02-05 05:46:42.309] > git rev-parse --show-toplevel
[2024-02-05 05:46:42.485] > git rev-parse --show-toplevel
[2024-02-05 05:46:42.606] > git rev-parse --show-toplevel
[2024-02-05 05:46:43.197] > git rev-parse --show-toplevel
[2024-02-05 05:46:43.450] > git rev-parse --show-toplevel
[2024-02-05 05:46:43.626] > git rev-parse --show-toplevel
[2024-02-05 05:46:43.970] > git rev-parse --show-toplevel
[2024-02-05 05:46:44.181] > git rev-parse --show-toplevel
[2024-02-05 05:46:44.335] > git rev-parse --show-toplevel
[2024-02-05 05:46:44.465] > git rev-parse --show-toplevel
[2024-02-05 05:46:45.811] > git rev-parse --show-toplevel
[2024-02-05 05:46:46.003] > git rev-parse --show-toplevel
[2024-02-05 05:47:13.562] > git rev-parse --show-toplevel
[2024-02-05 05:47:13.626] > git rev-parse --show-toplevel
[2024-02-05 05:47:13.719] > git rev-parse --show-toplevel
[2024-02-05 05:47:13.815] > git rev-parse --show-toplevel
[2024-02-05 05:50:35.180] > git rev-parse --show-toplevel
[2024-02-05 06:02:16.321] > git rev-parse --show-toplevel
[2024-02-05 06:02:16.365] > git rev-parse --show-toplevel
[2024-02-05 06:02:16.400] > git rev-parse --show-toplevel
[2024-02-05 06:02:16.435] > git rev-parse --show-toplevel
[2024-02-05 06:02:16.514] > git rev-parse --show-toplevel
[2024-02-05 06:02:16.669] Added new repo: /home/vscode/.progate/origins/8bD7b83bnNigx1-MPlVyv/self_introduction
[2024-02-05 06:02:16.707] > git rev-parse --show-toplevel
[2024-02-05 06:02:16.742] > git rev-parse --show-toplevel
[2024-02-05 06:02:16.779] > git rev-parse --show-toplevel
[2024-02-05 06:02:16.781] Showing "Git Graph" Status Bar Item
[2024-02-05 06:03:36.775] > git rev-parse --show-toplevel
[2024-02-05 06:03:36.826] > git rev-parse --show-toplevel
[2024-02-05 06:03:40.438] > git rev-parse --show-toplevel
[2024-02-05 06:03:41.853] > git rev-parse --show-toplevel
[2024-02-05 06:03:46.280] > git rev-parse --show-toplevel
[2024-02-05 06:03:46.359] > git rev-parse --show-toplevel
[2024-02-05 06:03:48.315] > git rev-parse --show-toplevel
[2024-02-05 06:03:48.363] > git rev-parse --show-toplevel
[2024-02-05 06:03:49.948] > git rev-parse --show-toplevel
[2024-02-05 06:03:49.993] > git rev-parse --show-toplevel
