2024-02-07 01:59:49.705 [info] Reading sessions from keychain...
2024-02-07 01:59:49.705 [info] Getting sessions for all scopes...
2024-02-07 01:59:49.705 [info] Getting sessions for user:email...
2024-02-07 01:59:49.707 [info] Got stored sessions!
2024-02-07 01:59:49.707 [info] Got 6 verified sessions.
2024-02-07 01:59:49.707 [info] Got 6 sessions for ...
2024-02-07 01:59:49.708 [info] Got 1 sessions for user:email...
2024-02-07 01:59:49.712 [info] Getting sessions for all scopes...
2024-02-07 01:59:49.712 [info] Got 6 sessions for ...
2024-02-07 01:59:49.791 [info] Getting sessions for codespace,read:user,repo,user:email...
2024-02-07 01:59:49.791 [info] Got 1 sessions for codespace,read:user,repo,user:email...
2024-02-07 01:59:49.799 [info] Getting sessions for all scopes...
2024-02-07 01:59:49.799 [info] Got 6 sessions for ...
2024-02-07 01:59:53.346 [info] Getting sessions for all scopes...
2024-02-07 01:59:53.346 [info] Got 6 sessions for ...
2024-02-07 01:59:56.780 [info] Getting sessions for all scopes...
2024-02-07 01:59:56.781 [info] Got 6 sessions for ...
2024-02-07 01:59:57.996 [info] Getting sessions for all scopes...
2024-02-07 01:59:57.997 [info] Got 6 sessions for ...
2024-02-07 01:59:58.527 [info] Getting sessions for read:user...
2024-02-07 01:59:58.527 [info] Getting sessions for all scopes...
2024-02-07 01:59:58.527 [info] Got 1 sessions for read:user...
2024-02-07 01:59:58.528 [info] Got 6 sessions for ...
2024-02-07 02:00:00.012 [info] Getting sessions for all scopes...
2024-02-07 02:00:00.013 [info] Got 6 sessions for ...
2024-02-07 02:00:00.164 [info] Getting sessions for user:email...
2024-02-07 02:00:00.164 [info] Getting sessions for project,read:org,read:user,repo,user:email,workflow...
2024-02-07 02:00:00.164 [info] Got 1 sessions for user:email...
2024-02-07 02:00:00.164 [info] Got 0 sessions for project,read:org,read:user,repo,user:email,workflow...
2024-02-07 02:00:00.610 [info] Getting sessions for read:user,repo,user:email,workflow...
2024-02-07 02:00:00.610 [info] Got 1 sessions for read:user,repo,user:email,workflow...
2024-02-07 02:00:03.925 [info] Getting sessions for read:user,repo,user:email,workflow...
2024-02-07 02:00:03.925 [info] Got 1 sessions for read:user,repo,user:email,workflow...
