[Client I] GitHub Codespaces version 1.16.9
[Client I] isRunningInWeb: "true"
[Client V] Initializing authentication
[API I] Successfully signed in
[Client:extension:2afc I] initializing
[Client:extension:2afc I] creating LiveShare ConnectionHub
[Client:extension:2afc:resolver I] created with protocol "codespaces"
[RemoteExplorer I] Updating codespace performance info
[Client I] Connecting to current codespace: miniature-enigma-g444xgx9j9gv2vg5q
[Command:Connect I] Decorator starting: ErrorNotification
[Command:Connect I] Decorator starting: Telemetry
[Client I] Jupyter API registered? false
[API:retries-left-2 I] making GET request for "https://api.github.com/user/codespaces/miniature-enigma-g444xgx9j9gv2vg5q"
[RemoteExplorer I] Updating codespace performance info
[Client:extension:2afc:resolver:resolve:1 I] resolve retry #3
[Command:Connect I] Command [Connect to Codespace]: Connect to Codespace Success (2794ms)
[Command:Connect I] Decorator finishing: Telemetry. Duration: 1ms (0 + 1)
[Client:extension:2afc:resolver:resolve:1 I] resolving "codespaces+miniature-enigma-g444xgx9j9gv2vg5q"
[Client:extension:2afc:resolver:resolve:1 I] codespace: "miniature-enigma-g444xgx9j9gv2vg5q", fetching details
[Command:Connect I] Decorator finishing: ErrorNotification. Duration: 1ms (0 + 1)
[Client:extension:2afc:resolver:resolve:1:fetch-codespace-info I] fetching codespace details for "miniature-enigma-g444xgx9j9gv2vg5q"
[Client:extension:2afc:resolver:resolve:1:fetch-codespace-info I] signed in, getting the details
[Client:extension:2afc:resolver:resolve:1:fetch-codespace-info I] fetching codespace "miniature-enigma-g444xgx9j9gv2vg5q" (retries left: 2)
[API:retries-left-2 I] making GET request for "https://api.github.com/user/codespaces/miniature-enigma-g444xgx9j9gv2vg5q"
[RemoteExplorer I] Updating codespace performance info
[Client:extension:2afc:resolver I] successfully fetched codespace details> object #0: {
  "id": 13362840,
  "name": "<34:<redacted>>",
  "environment_id": "57b2f5df-8971-47c5-babf-e3fc991c8b89",
  "owner": "<undefined:<redacted>>",
  "billable_owner": {
    "login": "masudayuuma",
    "id": 149463221,
    "node_id": "U_kgDOCOigtQ",
    "avatar_url": "https://avatars.githubusercontent.com/u/149463221?v=4",
    "gravatar_id": "",
    "url": "https://api.github.com/users/masudayuuma",
    "html_url": "https://github.com/masudayuuma",
    "followers_url": "https://api.github.com/users/masudayuuma/followers",
    "following_url": "https://api.github.com/users/masudayuuma/following{/other_user}",
    "gists_url": "https://api.github.com/users/masudayuuma/gists{/gist_id}",
    "starred_url": "https://api.github.com/users/masudayuuma/starred{/owner}{/repo}",
    "subscriptions_url": "https://api.github.com/users/masudayuuma/subscriptions",
    "organizations_url": "https://api.github.com/users/masudayuuma/orgs",
    "repos_url": "https://api.github.com/users/masudayuuma/repos",
    "events_url": "https://api.github.com/users/masudayuuma/events{/privacy}",
    "received_events_url": "https://api.github.com/users/masudayuuma/received_events",
    "type": "User",
    "site_admin": false
  },
  "repository": {
    "id": 587537775,
    "node_id": "R_kgDOIwUdbw",
    "name": "<22:<redacted>>",
    "full_name": "Progate/path-study-environment",
    "private": false,
    "owner": "<undefined:<redacted>>",
    "html_url": "https://github.com/Progate/path-study-environment",
    "description": null,
    "fork": false,
    "url": "https://api.github.com/repos/Progate/path-study-environment",
    "forks_url": "https://api.github.com/repos/Progate/path-study-environment/forks",
    "keys_url": "https://api.github.com/repos/Progate/path-study-environment/keys{/key_id}",
    "collaborators_url": "https://api.github.com/repos/Progate/path-study-environment/collaborators{/collaborator}",
    "teams_url": "https://api.github.com/repos/Progate/path-study-environment/teams",
    "hooks_url": "https://api.github.com/repos/Progate/path-study-environment/hooks",
    "issue_events_url": "https://api.github.com/repos/Progate/path-study-environment/issues/events{/number}",
    "events_url": "https://api.github.com/repos/Progate/path-study-environment/events",
    "assignees_url": "https://api.github.com/repos/Progate/path-study-environment/assignees{/user}",
    "branches_url": "https://api.github.com/repos/Progate/path-study-environment/branches{/branch}",
    "tags_url": "https://api.github.com/repos/Progate/path-study-environment/tags",
    "blobs_url": "https://api.github.com/repos/Progate/path-study-environment/git/blobs{/sha}",
    "git_tags_url": "https://api.github.com/repos/Progate/path-study-environment/git/tags{/sha}",
    "git_refs_url": "https://api.github.com/repos/Progate/path-study-environment/git/refs{/sha}",
    "trees_url": "https://api.github.com/repos/Progate/path-study-environment/git/trees{/sha}",
    "statuses_url": "https://api.github.com/repos/Progate/path-study-environment/statuses/{sha}",
    "languages_url": "https://api.github.com/repos/Progate/path-study-environment/languages",
    "stargazers_url": "https://api.github.com/repos/Progate/path-study-environment/stargazers",
    "contributors_url": "https://api.github.com/repos/Progate/path-study-environment/contributors",
    "subscribers_url": "https://api.github.com/repos/Progate/path-study-environment/subscribers",
    "subscription_url": "https://api.github.com/repos/Progate/path-study-environment/subscription",
    "commits_url": "https://api.github.com/repos/Progate/path-study-environment/commits{/sha}",
    "git_commits_url": "https://api.github.com/repos/Progate/path-study-environment/git/commits{/sha}",
    "comments_url": "https://api.github.com/repos/Progate/path-study-environment/comments{/number}",
    "issue_comment_url": "https://api.github.com/repos/Progate/path-study-environment/issues/comments{/number}",
    "contents_url": "https://api.github.com/repos/Progate/path-study-environment/contents/{+path}",
    "compare_url": "https://api.github.com/repos/Progate/path-study-environment/compare/{base}...{head}",
    "merges_url": "https://api.github.com/repos/Progate/path-study-environment/merges",
    "archive_url": "https://api.github.com/repos/Progate/path-study-environment/{archive_format}{/ref}",
    "downloads_url": "https://api.github.com/repos/Progate/path-study-environment/downloads",
    "issues_url": "https://api.github.com/repos/Progate/path-study-environment/issues{/number}",
    "pulls_url": "https://api.github.com/repos/Progate/path-study-environment/pulls{/number}",
    "milestones_url": "https://api.github.com/repos/Progate/path-study-environment/milestones{/number}",
    "notifications_url": "https://api.github.com/repos/Progate/path-study-environment/notifications{?since,all,participating}",
    "labels_url": "https://api.github.com/repos/Progate/path-study-environment/labels{/name}",
    "releases_url": "https://api.github.com/repos/Progate/path-study-environment/releases{/id}",
    "deployments_url": "https://api.github.com/repos/Progate/path-study-environment/deployments"
  },
  "machine": {
    "name": "<14:<redacted>>",
    "display_name": "2 cores, 8 GB RAM, 32 GB storage",
    "operating_system": "linux",
    "storage_in_bytes": 34359738368,
    "memory_in_bytes": 8589934592,
    "cpus": 2,
    "prebuild_availability": null
  },
  "prebuild": null,
  "created_at": "2024-02-05T14:41:36+09:00",
  "updated_at": "2024-02-06T17:47:31+09:00",
  "last_used_at": "2024-02-06T17:46:41+09:00",
  "state": "Available",
  "url": "https://api.github.com/user/codespaces/miniature-enigma-g444xgx9j9gv2vg5q",
  "git_status": {
    "ahead": 0,
    "behind": 0,
    "has_unpushed_changes": false,
    "has_uncommitted_changes": false,
    "ref": "main"
  },
  "location": "SouthEastAsia",
  "idle_timeout_minutes": 30,
  "web_url": "https://miniature-enigma-g444xgx9j9gv2vg5q.github.dev",
  "machines_url": "https://api.github.com/user/codespaces/miniature-enigma-g444xgx9j9gv2vg5q/machines",
  "start_url": "https://api.github.com/user/codespaces/miniature-enigma-g444xgx9j9gv2vg5q/start",
  "stop_url": "https://api.github.com/user/codespaces/miniature-enigma-g444xgx9j9gv2vg5q/stop",
  "pulls_url": null,
  "recent_folders": [
    "/home/vscode/progate_path/self_introduction_commit/self_introduction",
    "/home/vscode"
  ],
  "runtime_constraints": {
    "allowed_port_privacy_settings": [
      "private",
      "public"
    ]
  },
  "connection": {
    "sessionId": "E417C2ACFE8D604B6BFE791BD566C97D1BA9",
    "sessionPath": "/home/vscode",
    "serviceUri": "https://prod.liveshare.vsengsaas.visualstudio.com/api/v1.2/",
    "relayEndpoint": "sb://vsls-prod-ins-asse-private-relay.servicebus.windows.net/0db4c5234c86e83c4ab46ea181053c9f0d2b--de7ea18a-042a-4c41-ba53-7dd7e731e708",
    "relaySas": "<255:<redacted>>",
    "sessionToken": "<1138:<redacted>>",
    "hostPublicKeys": [
      "AAAAB3NzaC1yc2EAAAADAQABAAABAQCoyvzCHgXFz98QWhEYMg6dfcEzYkYUFYSZ4jaPSjMogiFEcTobMW9uhGWhRhtAHuioSOgv3nut54W89uJ1ArFCHr1riHptPVZ26XzpzVq44NohR7BVzYRHXk10Ev9+kynSPx7Dg8J8CmIRZ71n22Yb7Ik28OQPJ8dcbXyn2qSALmy7n38YLuDkYGWBGm2xLzmvZgrAVB5elNkfWli5NchZQdp4u2JKgtjpJFGDIKW/szTHNx5ovF/Kz6PR5A2W0bTXMsyKppJUd0J3IswSJbz6HLWFNrEr+/3sYu23pvEpIbGscAvl+AUBy0OzDg/FM5BYgnrXJHGvKVD/ychtlbsf"
    ],
    "tunnelProperties": {
      "tunnelId": "silent-chair-xbpvb76",
      "clusterId": "asse",
      "domain": "app.github.dev",
      "connectAccessToken": "<390:<redacted>>",
      "managePortsAccessToken": "<397:<redacted>>",
      "serviceUri": "https://global.rel.tunnels.api.visualstudio.com/"
    }
  },
  "container_id": "45a316e959c8ee202beba97cfae314ee5294e2c82f1dcb11caccfa6713e3e856",
  "display_name": "miniature enigma",
  "devcontainer_path": ".devcontainer/devcontainer.json",
  "pending_operation": false,
  "feature_flags": {
    "developer": false,
    "enableRemoteKernel": true,
    "devTunnelsOptOut": false,
    "devTunnelsDesktopPortForwarding": false,
    "devTunnelsDesktopMainConnection": false,
    "useBasisForMainConnectionsWebClient": false,
    "disableBasisPortSyncWorker": true,
    "detailedActivityMonitor": false,
    "vscodeAccountSwitching": false,
    "enableSmbDiagnosticContinuousMonitoring": false,
    "enableSmbDiagnosticOnAnomalyMonitoring": false,
    "useEarlyWorkbenchWebClient": false,
    "useCoiWebClient": false,
    "remapUserNamespace": false,
    "removeConnectRetriesWebClient": true,
    "storageV2ExhaustiveValidation": false,
    "forcePushShutdownTelemetry": false,
    "Basis": true,
    "Skuheapscaling": true,
    "CacheIde": true,
    "Developer": false,
    "Eap": false
  },
  "retention_period_minutes": 43200,
  "retention_expires_at": null,
  "template": null,
  "publish_url": null
}
[RemoteExplorer I] Updating codespace performance info
[Client:extension:2afc:resolver:resolve:1:check-codespace-state I] codespace miniature-enigma-g444xgx9j9gv2vg5q (id: 57b2f5df-8971-47c5-babf-e3fc991c8b89) is in the "Default" state
[Client:extension:2afc:resolver:resolve:1:check-codespace-state I] noop
[Client:extension:2afc:resolver I] Initializing RPC client
[Client:extension:2afc:resolver I] Running in web, using unix socket for communication
[Client:extension:2afc:resolver I] Initializing Node-based codespace host service client
[Client:extension:2afc:resolver I] Initializing Node-based Jupyter server host service client
[Client:extension:2afc:resolver I] Initializing Node-based VS Code server host service client
[Client:extension:2afc:resolver:resolve:1:check-codespace-state I] vscode connection options: > object #0: {
  "token": "<1138:<redacted>>",
  "environmentId": "57b2f5df-8971-47c5-babf-e3fc991c8b89",
  "workspaceId": "E417C2ACFE8D604B6BFE791BD566C97D1BA9",
  "vsCodeCommit": "8b3775030ed1a69b13e4f4c628c612102e30a681",
  "vsCodeQuality": "stable",
  "extensions": [
    "GitHub.codespaces",
    "GitHub.vscode-pull-request-github"
  ],
  "telemetry": true,
  "liveShareEndpoint": "https://prod.liveshare.vsengsaas.visualstudio.com/api/v1.2/",
  "connectionInfo": {
    "id": "E417C2ACFE8D604B6BFE791BD566C97D1BA9",
    "relaySas": "<255:<redacted>>",
    "relayLink": "sb://vsls-prod-ins-asse-private-relay.servicebus.windows.net/0db4c5234c86e83c4ab46ea181053c9f0d2b--de7ea18a-042a-4c41-ba53-7dd7e731e708",
    "sessionToken": "<1138:<redacted>>",
    "hostPublicKeys": [
      "AAAAB3NzaC1yc2EAAAADAQABAAABAQCoyvzCHgXFz98QWhEYMg6dfcEzYkYUFYSZ4jaPSjMogiFEcTobMW9uhGWhRhtAHuioSOgv3nut54W89uJ1ArFCHr1riHptPVZ26XzpzVq44NohR7BVzYRHXk10Ev9+kynSPx7Dg8J8CmIRZ71n22Yb7Ik28OQPJ8dcbXyn2qSALmy7n38YLuDkYGWBGm2xLzmvZgrAVB5elNkfWli5NchZQdp4u2JKgtjpJFGDIKW/szTHNx5ovF/Kz6PR5A2W0bTXMsyKppJUd0J3IswSJbz6HLWFNrEr+/3sYu23pvEpIbGscAvl+AUBy0OzDg/FM5BYgnrXJHGvKVD/ychtlbsf"
    ],
    "tunnelProperties": {
      "tunnelId": "silent-chair-xbpvb76",
      "clusterId": "asse",
      "domain": "app.github.dev",
      "connectAccessToken": "<390:<redacted>>",
      "managePortsAccessToken": "<397:<redacted>>",
      "serviceUri": "https://global.rel.tunnels.api.visualstudio.com/"
    }
  }
}
[RemoteExplorer I] Updating codespace details
[Client:extension:2afc:resolver:resolve:1 I] requested to connect> object #0: {
  "token": "<1138:<redacted>>",
  "environmentId": "57b2f5df-8971-47c5-babf-e3fc991c8b89",
  "workspaceId": "E417C2ACFE8D604B6BFE791BD566C97D1BA9",
  "vsCodeCommit": "8b3775030ed1a69b13e4f4c628c612102e30a681",
  "vsCodeQuality": "stable",
  "extensions": [
    "GitHub.codespaces",
    "GitHub.vscode-pull-request-github"
  ],
  "telemetry": true,
  "liveShareEndpoint": "https://prod.liveshare.vsengsaas.visualstudio.com/api/v1.2/",
  "connectionInfo": {
    "id": "E417C2ACFE8D604B6BFE791BD566C97D1BA9",
    "relaySas": "<255:<redacted>>",
    "relayLink": "sb://vsls-prod-ins-asse-private-relay.servicebus.windows.net/0db4c5234c86e83c4ab46ea181053c9f0d2b--de7ea18a-042a-4c41-ba53-7dd7e731e708",
    "sessionToken": "<1138:<redacted>>",
    "hostPublicKeys": [
      "AAAAB3NzaC1yc2EAAAADAQABAAABAQCoyvzCHgXFz98QWhEYMg6dfcEzYkYUFYSZ4jaPSjMogiFEcTobMW9uhGWhRhtAHuioSOgv3nut54W89uJ1ArFCHr1riHptPVZ26XzpzVq44NohR7BVzYRHXk10Ev9+kynSPx7Dg8J8CmIRZ71n22Yb7Ik28OQPJ8dcbXyn2qSALmy7n38YLuDkYGWBGm2xLzmvZgrAVB5elNkfWli5NchZQdp4u2JKgtjpJFGDIKW/szTHNx5ovF/Kz6PR5A2W0bTXMsyKppJUd0J3IswSJbz6HLWFNrEr+/3sYu23pvEpIbGscAvl+AUBy0OzDg/FM5BYgnrXJHGvKVD/ychtlbsf"
    ],
    "tunnelProperties": {
      "tunnelId": "silent-chair-xbpvb76",
      "clusterId": "asse",
      "domain": "app.github.dev",
      "connectAccessToken": "<390:<redacted>>",
      "managePortsAccessToken": "<397:<redacted>>",
      "serviceUri": "https://global.rel.tunnels.api.visualstudio.com/"
    }
  },
  "clientId": "6ef61f5e092ec82c"
}
> object #1: [object Object]
[Client:extension:2afc:resolver:resolve:1:E417C2ACFE8D604B6BFE791BD566C97D1BA9_57b2f5df-8971-47c5-babf-e3fc991c8b89_stable_8b3775030ed1a69b13e4f4c628c612102e30a681 I] connection record: false
[Client:extension:2afc:resolver:resolve:1:E417C2ACFE8D604B6BFE791BD566C97D1BA9_57b2f5df-8971-47c5-babf-e3fc991c8b89_stable_8b3775030ed1a69b13e4f4c628c612102e30a681 I] creating new connection
[Client:extension:2afc:vscode V] creating connection without a timeout
[Client:extension:2afc:vscode I] creating connection> object #0: [object Object]
[Client:extension:2afc:resolver:resolve:1:connection:E417C2ACFE8D604B6BFE791BD566C97D1BA9_57b2f5df-8971-47c5-babf-e3fc991c8b89_stable_8b3775030ed1a69b13e4f4c628c612102e30a681:vscode V] subscribing to onDispose event
[Client:extension:2afc:resolver:resolve:1:connection:E417C2ACFE8D604B6BFE791BD566C97D1BA9_57b2f5df-8971-47c5-babf-e3fc991c8b89_stable_8b3775030ed1a69b13e4f4c628c612102e30a681:vscode I] asked to connect
[Client:extension:2afc:resolver:resolve:1:connection:E417C2ACFE8D604B6BFE791BD566C97D1BA9_57b2f5df-8971-47c5-babf-e3fc991c8b89_stable_8b3775030ed1a69b13e4f4c628c612102e30a681:vscode I] creating new connection
[Client:extension:2afc:resolver:resolve:1:connection:E417C2ACFE8D604B6BFE791BD566C97D1BA9_57b2f5df-8971-47c5-babf-e3fc991c8b89_stable_8b3775030ed1a69b13e4f4c628c612102e30a681:vscode I] creating connection
[Client:extension:2afc:resolver:resolve:1:connection:E417C2ACFE8D604B6BFE791BD566C97D1BA9_57b2f5df-8971-47c5-babf-e3fc991c8b89_stable_8b3775030ed1a69b13e4f4c628c612102e30a681:vscode I] connection status changed: none -> connecting, error:> object #0: undefined
[Client:extension:2afc:resolver:resolve:1:connection:E417C2ACFE8D604B6BFE791BD566C97D1BA9_57b2f5df-8971-47c5-babf-e3fc991c8b89_stable_8b3775030ed1a69b13e4f4c628c612102e30a681:vscode I] firing change event: > object #0: {
  "status": "connecting",
  "previousStatus": "none"
}
[Client:extension:2afc:vscode:onConnectionChanged:E417C2ACFE8D604B6BFE791BD566C97D1BA9_57b2f5df-8971-47c5-babf-e3fc991c8b89_stable_8b3775030ed1a69b13e4f4c628c612102e30a681 I] none -> connecting
[Client:extension:2afc:resolver:resolve:1:connection:E417C2ACFE8D604B6BFE791BD566C97D1BA9_57b2f5df-8971-47c5-babf-e3fc991c8b89_stable_8b3775030ed1a69b13e4f4c628c612102e30a681:vscode I] get LS connection
[Client:extension:2afc:liveshare-joint I] requested to connect once> object #0: {
  "token": "<1138:<redacted>>",
  "environmentId": "57b2f5df-8971-47c5-babf-e3fc991c8b89",
  "workspaceId": "E417C2ACFE8D604B6BFE791BD566C97D1BA9",
  "vsCodeCommit": "8b3775030ed1a69b13e4f4c628c612102e30a681",
  "vsCodeQuality": "stable",
  "extensions": [
    "GitHub.codespaces",
    "GitHub.vscode-pull-request-github"
  ],
  "telemetry": true,
  "liveShareEndpoint": "https://prod.liveshare.vsengsaas.visualstudio.com/api/v1.2/",
  "connectionInfo": {
    "id": "E417C2ACFE8D604B6BFE791BD566C97D1BA9",
    "relaySas": "<255:<redacted>>",
    "relayLink": "sb://vsls-prod-ins-asse-private-relay.servicebus.windows.net/0db4c5234c86e83c4ab46ea181053c9f0d2b--de7ea18a-042a-4c41-ba53-7dd7e731e708",
    "sessionToken": "<1138:<redacted>>",
    "hostPublicKeys": [
      "AAAAB3NzaC1yc2EAAAADAQABAAABAQCoyvzCHgXFz98QWhEYMg6dfcEzYkYUFYSZ4jaPSjMogiFEcTobMW9uhGWhRhtAHuioSOgv3nut54W89uJ1ArFCHr1riHptPVZ26XzpzVq44NohR7BVzYRHXk10Ev9+kynSPx7Dg8J8CmIRZ71n22Yb7Ik28OQPJ8dcbXyn2qSALmy7n38YLuDkYGWBGm2xLzmvZgrAVB5elNkfWli5NchZQdp4u2JKgtjpJFGDIKW/szTHNx5ovF/Kz6PR5A2W0bTXMsyKppJUd0J3IswSJbz6HLWFNrEr+/3sYu23pvEpIbGscAvl+AUBy0OzDg/FM5BYgnrXJHGvKVD/ychtlbsf"
    ],
    "tunnelProperties": {
      "tunnelId": "silent-chair-xbpvb76",
      "clusterId": "asse",
      "domain": "app.github.dev",
      "connectAccessToken": "<390:<redacted>>",
      "managePortsAccessToken": "<397:<redacted>>",
      "serviceUri": "https://global.rel.tunnels.api.visualstudio.com/"
    }
  },
  "clientId": "6ef61f5e092ec82c"
}
> object #1: [object Object]
[Client:extension:2afc:liveshare-joint I] requested to connect> object #0: {
  "token": "<1138:<redacted>>",
  "environmentId": "57b2f5df-8971-47c5-babf-e3fc991c8b89",
  "workspaceId": "E417C2ACFE8D604B6BFE791BD566C97D1BA9",
  "vsCodeCommit": "8b3775030ed1a69b13e4f4c628c612102e30a681",
  "vsCodeQuality": "stable",
  "extensions": [
    "GitHub.codespaces",
    "GitHub.vscode-pull-request-github"
  ],
  "telemetry": true,
  "liveShareEndpoint": "https://prod.liveshare.vsengsaas.visualstudio.com/api/v1.2/",
  "connectionInfo": {
    "id": "E417C2ACFE8D604B6BFE791BD566C97D1BA9",
    "relaySas": "<255:<redacted>>",
    "relayLink": "sb://vsls-prod-ins-asse-private-relay.servicebus.windows.net/0db4c5234c86e83c4ab46ea181053c9f0d2b--de7ea18a-042a-4c41-ba53-7dd7e731e708",
    "sessionToken": "<1138:<redacted>>",
    "hostPublicKeys": [
      "AAAAB3NzaC1yc2EAAAADAQABAAABAQCoyvzCHgXFz98QWhEYMg6dfcEzYkYUFYSZ4jaPSjMogiFEcTobMW9uhGWhRhtAHuioSOgv3nut54W89uJ1ArFCHr1riHptPVZ26XzpzVq44NohR7BVzYRHXk10Ev9+kynSPx7Dg8J8CmIRZ71n22Yb7Ik28OQPJ8dcbXyn2qSALmy7n38YLuDkYGWBGm2xLzmvZgrAVB5elNkfWli5NchZQdp4u2JKgtjpJFGDIKW/szTHNx5ovF/Kz6PR5A2W0bTXMsyKppJUd0J3IswSJbz6HLWFNrEr+/3sYu23pvEpIbGscAvl+AUBy0OzDg/FM5BYgnrXJHGvKVD/ychtlbsf"
    ],
    "tunnelProperties": {
      "tunnelId": "silent-chair-xbpvb76",
      "clusterId": "asse",
      "domain": "app.github.dev",
      "connectAccessToken": "<390:<redacted>>",
      "managePortsAccessToken": "<397:<redacted>>",
      "serviceUri": "https://global.rel.tunnels.api.visualstudio.com/"
    }
  },
  "clientId": "6ef61f5e092ec82c"
}
> object #1: [object Object]
[Client:extension:2afc:liveshare-joint:E417C2ACFE8D604B6BFE791BD566C97D1BA9 I] connection record: false
[Client:extension:2afc:liveshare-joint:E417C2ACFE8D604B6BFE791BD566C97D1BA9 I] creating new connection
[Client:extension:2afc:liveshare-joint V] creating connection without a timeout
[Client:extension:2afc:liveshare-joint I] creating connection> object #0: [object Object]
[Client:extension:2afc:liveshare-joint:connection:E417C2ACFE8D604B6BFE791BD566C97D1BA9:liveshare-joint:liveshare V] subscribing to onDispose event
[Client:extension:2afc:liveshare-joint:connection:E417C2ACFE8D604B6BFE791BD566C97D1BA9:liveshare-joint:liveshare I] asked to connect
[Client:extension:2afc:liveshare-joint:connection:E417C2ACFE8D604B6BFE791BD566C97D1BA9:liveshare-joint:liveshare I] creating new connection
[Client:extension:2afc:liveshare-joint:connection:E417C2ACFE8D604B6BFE791BD566C97D1BA9:liveshare-joint:liveshare I] creating connection
[Client:extension:2afc:liveshare-joint:connection:E417C2ACFE8D604B6BFE791BD566C97D1BA9:liveshare-joint:liveshare I] connection status changed: none -> connecting, error:> object #0: undefined
[Client:extension:2afc:liveshare-joint:connection:E417C2ACFE8D604B6BFE791BD566C97D1BA9:liveshare-joint:liveshare I] firing change event: > object #0: {
  "status": "connecting",
  "previousStatus": "none"
}
[Client:extension:2afc:liveshare-joint:onConnectionChanged:E417C2ACFE8D604B6BFE791BD566C97D1BA9 I] none -> connecting
[Client:extension:2afc:liveshare I] requested to connect once> object #0: {
  "token": "<1138:<redacted>>",
  "environmentId": "57b2f5df-8971-47c5-babf-e3fc991c8b89",
  "workspaceId": "E417C2ACFE8D604B6BFE791BD566C97D1BA9",
  "vsCodeCommit": "8b3775030ed1a69b13e4f4c628c612102e30a681",
  "vsCodeQuality": "stable",
  "extensions": [
    "GitHub.codespaces",
    "GitHub.vscode-pull-request-github"
  ],
  "telemetry": true,
  "liveShareEndpoint": "https://prod.liveshare.vsengsaas.visualstudio.com/api/v1.2/",
  "connectionInfo": {
    "id": "E417C2ACFE8D604B6BFE791BD566C97D1BA9",
    "relaySas": "<255:<redacted>>",
    "relayLink": "sb://vsls-prod-ins-asse-private-relay.servicebus.windows.net/0db4c5234c86e83c4ab46ea181053c9f0d2b--de7ea18a-042a-4c41-ba53-7dd7e731e708",
    "sessionToken": "<1138:<redacted>>",
    "hostPublicKeys": [
      "AAAAB3NzaC1yc2EAAAADAQABAAABAQCoyvzCHgXFz98QWhEYMg6dfcEzYkYUFYSZ4jaPSjMogiFEcTobMW9uhGWhRhtAHuioSOgv3nut54W89uJ1ArFCHr1riHptPVZ26XzpzVq44NohR7BVzYRHXk10Ev9+kynSPx7Dg8J8CmIRZ71n22Yb7Ik28OQPJ8dcbXyn2qSALmy7n38YLuDkYGWBGm2xLzmvZgrAVB5elNkfWli5NchZQdp4u2JKgtjpJFGDIKW/szTHNx5ovF/Kz6PR5A2W0bTXMsyKppJUd0J3IswSJbz6HLWFNrEr+/3sYu23pvEpIbGscAvl+AUBy0OzDg/FM5BYgnrXJHGvKVD/ychtlbsf"
    ],
    "tunnelProperties": {
      "tunnelId": "silent-chair-xbpvb76",
      "clusterId": "asse",
      "domain": "app.github.dev",
      "connectAccessToken": "<390:<redacted>>",
      "managePortsAccessToken": "<397:<redacted>>",
      "serviceUri": "https://global.rel.tunnels.api.visualstudio.com/"
    }
  },
  "clientId": "6ef61f5e092ec82c"
}
> object #1: [object Object]
[Client:extension:2afc:liveshare I] requested to connect> object #0: {
  "token": "<1138:<redacted>>",
  "environmentId": "57b2f5df-8971-47c5-babf-e3fc991c8b89",
  "workspaceId": "E417C2ACFE8D604B6BFE791BD566C97D1BA9",
  "vsCodeCommit": "8b3775030ed1a69b13e4f4c628c612102e30a681",
  "vsCodeQuality": "stable",
  "extensions": [
    "GitHub.codespaces",
    "GitHub.vscode-pull-request-github"
  ],
  "telemetry": true,
  "liveShareEndpoint": "https://prod.liveshare.vsengsaas.visualstudio.com/api/v1.2/",
  "connectionInfo": {
    "id": "E417C2ACFE8D604B6BFE791BD566C97D1BA9",
    "relaySas": "<255:<redacted>>",
    "relayLink": "sb://vsls-prod-ins-asse-private-relay.servicebus.windows.net/0db4c5234c86e83c4ab46ea181053c9f0d2b--de7ea18a-042a-4c41-ba53-7dd7e731e708",
    "sessionToken": "<1138:<redacted>>",
    "hostPublicKeys": [
      "AAAAB3NzaC1yc2EAAAADAQABAAABAQCoyvzCHgXFz98QWhEYMg6dfcEzYkYUFYSZ4jaPSjMogiFEcTobMW9uhGWhRhtAHuioSOgv3nut54W89uJ1ArFCHr1riHptPVZ26XzpzVq44NohR7BVzYRHXk10Ev9+kynSPx7Dg8J8CmIRZ71n22Yb7Ik28OQPJ8dcbXyn2qSALmy7n38YLuDkYGWBGm2xLzmvZgrAVB5elNkfWli5NchZQdp4u2JKgtjpJFGDIKW/szTHNx5ovF/Kz6PR5A2W0bTXMsyKppJUd0J3IswSJbz6HLWFNrEr+/3sYu23pvEpIbGscAvl+AUBy0OzDg/FM5BYgnrXJHGvKVD/ychtlbsf"
    ],
    "tunnelProperties": {
      "tunnelId": "silent-chair-xbpvb76",
      "clusterId": "asse",
      "domain": "app.github.dev",
      "connectAccessToken": "<390:<redacted>>",
      "managePortsAccessToken": "<397:<redacted>>",
      "serviceUri": "https://global.rel.tunnels.api.visualstudio.com/"
    }
  },
  "clientId": "6ef61f5e092ec82c"
}
> object #1: [object Object]
[Client:extension:2afc:liveshare:E417C2ACFE8D604B6BFE791BD566C97D1BA9 I] connection record: false
[Client:extension:2afc:liveshare:E417C2ACFE8D604B6BFE791BD566C97D1BA9 I] creating new connection
[Client:extension:2afc:liveshare V] creating connection without a timeout
[Client:extension:2afc:liveshare I] creating connection> object #0: [object Object]
[Client:extension:2afc:liveshare:connection:E417C2ACFE8D604B6BFE791BD566C97D1BA9:liveshare V] subscribing to onDispose event
[Client:extension:2afc:liveshare:connection:E417C2ACFE8D604B6BFE791BD566C97D1BA9:liveshare I] asked to connect
[Client:extension:2afc:liveshare:connection:E417C2ACFE8D604B6BFE791BD566C97D1BA9:liveshare I] creating new connection
[Client:extension:2afc:liveshare:connection:E417C2ACFE8D604B6BFE791BD566C97D1BA9:liveshare I] creating connection
[Client:extension:2afc:liveshare:connection:E417C2ACFE8D604B6BFE791BD566C97D1BA9:liveshare I] connection status changed: none -> connecting, error:> object #0: undefined
[Client:extension:2afc:liveshare:connection:E417C2ACFE8D604B6BFE791BD566C97D1BA9:liveshare I] firing change event: > object #0: {
  "status": "connecting",
  "previousStatus": "none"
}
[Client:extension:2afc:liveshare:onConnectionChanged:E417C2ACFE8D604B6BFE791BD566C97D1BA9 I] none -> connecting
[Client:extension:2afc:liveshare:connection:E417C2ACFE8D604B6BFE791BD566C97D1BA9:liveshare I] creating workspace client> object #0: {
  "token": "<1138:<redacted>>",
  "environmentId": "57b2f5df-8971-47c5-babf-e3fc991c8b89",
  "workspaceId": "E417C2ACFE8D604B6BFE791BD566C97D1BA9",
  "vsCodeCommit": "8b3775030ed1a69b13e4f4c628c612102e30a681",
  "vsCodeQuality": "stable",
  "extensions": [
    "GitHub.codespaces",
    "GitHub.vscode-pull-request-github"
  ],
  "telemetry": true,
  "liveShareEndpoint": "https://prod.liveshare.vsengsaas.visualstudio.com/api/v1.2/",
  "connectionInfo": {
    "id": "E417C2ACFE8D604B6BFE791BD566C97D1BA9",
    "relaySas": "<255:<redacted>>",
    "relayLink": "sb://vsls-prod-ins-asse-private-relay.servicebus.windows.net/0db4c5234c86e83c4ab46ea181053c9f0d2b--de7ea18a-042a-4c41-ba53-7dd7e731e708",
    "sessionToken": "<1138:<redacted>>",
    "hostPublicKeys": [
      "AAAAB3NzaC1yc2EAAAADAQABAAABAQCoyvzCHgXFz98QWhEYMg6dfcEzYkYUFYSZ4jaPSjMogiFEcTobMW9uhGWhRhtAHuioSOgv3nut54W89uJ1ArFCHr1riHptPVZ26XzpzVq44NohR7BVzYRHXk10Ev9+kynSPx7Dg8J8CmIRZ71n22Yb7Ik28OQPJ8dcbXyn2qSALmy7n38YLuDkYGWBGm2xLzmvZgrAVB5elNkfWli5NchZQdp4u2JKgtjpJFGDIKW/szTHNx5ovF/Kz6PR5A2W0bTXMsyKppJUd0J3IswSJbz6HLWFNrEr+/3sYu23pvEpIbGscAvl+AUBy0OzDg/FM5BYgnrXJHGvKVD/ychtlbsf"
    ],
    "tunnelProperties": {
      "tunnelId": "silent-chair-xbpvb76",
      "clusterId": "asse",
      "domain": "app.github.dev",
      "connectAccessToken": "<390:<redacted>>",
      "managePortsAccessToken": "<397:<redacted>>",
      "serviceUri": "https://global.rel.tunnels.api.visualstudio.com/"
    }
  },
  "clientId": "6ef61f5e092ec82c"
}
[Client:extension:2afc:liveshare:connection:E417C2ACFE8D604B6BFE791BD566C97D1BA9:liveshare:WorkspaceClient V] connecting to relay link:sb://vsls-prod-ins-asse-private-relay.servicebus.windows.net/0db4c5234c86e83c4ab46ea181053c9f0d2b--de7ea18a-042a-4c41-ba53-7dd7e731e708
[Client:extension:2afc:liveshare:connection:E417C2ACFE8D604B6BFE791BD566C97D1BA9:liveshare:WorkspaceClient V] creating node SSH...
[Client:extension:2afc:liveshare:connection:E417C2ACFE8D604B6BFE791BD566C97D1BA9:liveshare:WorkspaceClient V] authenticating...
[Client:extension:2afc:liveshare:connection:E417C2ACFE8D604B6BFE791BD566C97D1BA9:liveshare:WorkspaceClient I] SshClientSession connecting...
[Client:extension:2afc:liveshare:connection:E417C2ACFE8D604B6BFE791BD566C97D1BA9:liveshare:WorkspaceClient V] Sending #0 KeyExchangeInitMessage
[Client:extension:2afc:liveshare:connection:E417C2ACFE8D604B6BFE791BD566C97D1BA9:liveshare:WorkspaceClient I] Local version: SSH-2.0-dev-tunnels-ssh_3.11.36, remote version: SSH-2.0-Microsoft.VisualStudio.Ssh_3.4
[Client:extension:2afc:liveshare:connection:E417C2ACFE8D604B6BFE791BD566C97D1BA9:liveshare:WorkspaceClient V] Receiving #0 KeyExchangeInitMessage
[Client:extension:2afc:liveshare:connection:E417C2ACFE8D604B6BFE791BD566C97D1BA9:liveshare:WorkspaceClient I] KeyExchange negotiation: Server (ecdh-sha2-nistp384, ecdh-sha2-nistp256, diffie-hellman-group16-sha512, diffie-hellman-group14-sha256, ext-info-s) Client (ecdh-sha2-nistp384, ecdh-sha2-nistp256, diffie-hellman-group14-sha256) => ecdh-sha2-nistp384
[Client:extension:2afc:liveshare:connection:E417C2ACFE8D604B6BFE791BD566C97D1BA9:liveshare:WorkspaceClient I] PublicKey negotiation: Server (rsa-sha2-512, rsa-sha2-256) Client (rsa-sha2-512, rsa-sha2-256, ecdsa-sha2-nistp384, ecdsa-sha2-nistp256) => rsa-sha2-512
[Client:extension:2afc:liveshare:connection:E417C2ACFE8D604B6BFE791BD566C97D1BA9:liveshare:WorkspaceClient I] ClientEncryption negotiation: Server (aes256-gcm@openssh.com, aes256-cbc, aes256-ctr) Client (aes256-gcm@openssh.com, aes256-ctr) => aes256-gcm@openssh.com
[Client:extension:2afc:liveshare:connection:E417C2ACFE8D604B6BFE791BD566C97D1BA9:liveshare:WorkspaceClient I] ServerEncryption negotiation: Server (aes256-gcm@openssh.com, aes256-cbc, aes256-ctr) Client (aes256-gcm@openssh.com, aes256-ctr) => aes256-gcm@openssh.com
[Client:extension:2afc:liveshare:connection:E417C2ACFE8D604B6BFE791BD566C97D1BA9:liveshare:WorkspaceClient I] ClientHmac negotiation: Server (hmac-sha2-512-etm@openssh.com, hmac-sha2-256-etm@openssh.com, hmac-sha2-512, hmac-sha2-256) Client (hmac-sha2-512-etm@openssh.com, hmac-sha2-256-etm@openssh.com, hmac-sha2-512, hmac-sha2-256) => hmac-sha2-512-etm@openssh.com
[Client:extension:2afc:liveshare:connection:E417C2ACFE8D604B6BFE791BD566C97D1BA9:liveshare:WorkspaceClient I] ServerHmac negotiation: Server (hmac-sha2-512-etm@openssh.com, hmac-sha2-256-etm@openssh.com, hmac-sha2-512, hmac-sha2-256) Client (hmac-sha2-512-etm@openssh.com, hmac-sha2-256-etm@openssh.com, hmac-sha2-512, hmac-sha2-256) => hmac-sha2-512-etm@openssh.com
[Client:extension:2afc:liveshare:connection:E417C2ACFE8D604B6BFE791BD566C97D1BA9:liveshare:WorkspaceClient I] ClientCompression negotiation: Server (none) Client (none) => none
[Client:extension:2afc:liveshare:connection:E417C2ACFE8D604B6BFE791BD566C97D1BA9:liveshare:WorkspaceClient I] ServerCompression negotiation: Server (none) Client (none) => none
[Client:extension:2afc:liveshare:connection:E417C2ACFE8D604B6BFE791BD566C97D1BA9:liveshare:WorkspaceClient V] Sending #1 KeyExchangeDhInitMessage
[Client:extension:2afc:liveshare:connection:E417C2ACFE8D604B6BFE791BD566C97D1BA9:liveshare:WorkspaceClient V] Receiving #1 KeyExchangeDhReplyMessage
[Client:extension:2afc:liveshare:connection:E417C2ACFE8D604B6BFE791BD566C97D1BA9:liveshare:WorkspaceClient V] Server public key verification succeeded.
[Client:extension:2afc:liveshare:connection:E417C2ACFE8D604B6BFE791BD566C97D1BA9:liveshare:WorkspaceClient V] Sending #2 NewKeysMessage
[Client:extension:2afc:liveshare:connection:E417C2ACFE8D604B6BFE791BD566C97D1BA9:liveshare:WorkspaceClient V] Receiving #2 NewKeysMessage
[Client:extension:2afc:liveshare:connection:E417C2ACFE8D604B6BFE791BD566C97D1BA9:liveshare:WorkspaceClient V] Sending #3 ExtensionInfoMessage (server-sig-algs=rsa-sha2-512,rsa-sha2-256,ecdsa-sha2-nistp384,ecdsa-sha2-nistp256; open-channel-request@microsoft.com; session-reconnect@microsoft.com; session-latency@microsoft.com)
[Client:extension:2afc:liveshare:connection:E417C2ACFE8D604B6BFE791BD566C97D1BA9:liveshare:WorkspaceClient I] SshClientSession encrypted.
[Client:extension:2afc:liveshare:connection:E417C2ACFE8D604B6BFE791BD566C97D1BA9:liveshare:WorkspaceClient I] SshClientSession Authenticating([ssh-rsa])
[Client:extension:2afc:liveshare:connection:E417C2ACFE8D604B6BFE791BD566C97D1BA9:liveshare:WorkspaceClient I] SshClientSession server authenticated.
[Client:extension:2afc:liveshare:connection:E417C2ACFE8D604B6BFE791BD566C97D1BA9:liveshare:WorkspaceClient V] Sending #4 ServiceRequestMessage
[Client:extension:2afc:liveshare:connection:E417C2ACFE8D604B6BFE791BD566C97D1BA9:liveshare:WorkspaceClient V] Sending #5 PasswordRequestMessage (Method: password, Username: )
[perf V] name:Creating the ssh workspace session duration:114.85684400005266
[Client:extension:2afc:liveshare:connection:E417C2ACFE8D604B6BFE791BD566C97D1BA9:liveshare:WorkspaceClient:SshWorkspaceSession V] subscribing to onDispose event
[Client:extension:2afc:liveshare:connection:E417C2ACFE8D604B6BFE791BD566C97D1BA9:liveshare:WorkspaceClient I] join started
[Client:extension:2afc:liveshare:connection:E417C2ACFE8D604B6BFE791BD566C97D1BA9:liveshare:WorkspaceClient V] Sending #6 ChannelOpenMessage(channelType=session, senderChannel=1)
[Client:extension:2afc:liveshare:connection:E417C2ACFE8D604B6BFE791BD566C97D1BA9:liveshare:WorkspaceClient V] Sending #7 SessionChannelRequestMessage (requestType=initial-channel-request@microsoft.com)
[Client:extension:2afc:liveshare:connection:E417C2ACFE8D604B6BFE791BD566C97D1BA9:liveshare:WorkspaceClient V] Receiving #3 ExtensionInfoMessage (open-channel-request@microsoft.com; server-sig-algs=rsa-sha2-512,rsa-sha2-256,ecdsa-sha2-nistp384,ecdsa-sha2-nistp256; session-latency@microsoft.com; session-reconnect@microsoft.com)
[Client:extension:2afc:liveshare:connection:E417C2ACFE8D604B6BFE791BD566C97D1BA9:liveshare:WorkspaceClient V] Sending #8 SessionRequestMessage (requestType=enable-session-reconnect@microsoft.com)
[Client:extension:2afc:liveshare:connection:E417C2ACFE8D604B6BFE791BD566C97D1BA9:liveshare:WorkspaceClient V] Receiving #4 SessionRequestMessage (requestType=enable-session-reconnect@microsoft.com)
[Client:extension:2afc:liveshare:connection:E417C2ACFE8D604B6BFE791BD566C97D1BA9:liveshare:WorkspaceClient V] Receiving #5 ServiceAcceptMessage
[Client:extension:2afc:liveshare:connection:E417C2ACFE8D604B6BFE791BD566C97D1BA9:liveshare:WorkspaceClient V] Receiving #6 AuthenticationSuccessMessage
[Client:extension:2afc:liveshare:connection:E417C2ACFE8D604B6BFE791BD566C97D1BA9:liveshare:WorkspaceClient I] SshClientSession client authenticated.
[perf V] name:Ssh auth completion duration:671.3256059996784
[Client:extension:2afc:liveshare:connection:E417C2ACFE8D604B6BFE791BD566C97D1BA9:liveshare:WorkspaceClient V] Receiving #7 ChannelOpenConfirmationMessage (recipientChannel=1)(senderChannel=0)
[Client:extension:2afc:liveshare:connection:E417C2ACFE8D604B6BFE791BD566C97D1BA9:liveshare:WorkspaceClient V] Receiving #8 SessionRequestSuccessMessage
[Client:extension:2afc:liveshare:connection:E417C2ACFE8D604B6BFE791BD566C97D1BA9:liveshare:WorkspaceClient V] < version.exchangeVersions()
[Client:extension:2afc:liveshare:connection:E417C2ACFE8D604B6BFE791BD566C97D1BA9:liveshare:WorkspaceClient V] > version.exchangeVersions() succeeded t:6.0
[Client:extension:2afc:liveshare:connection:E417C2ACFE8D604B6BFE791BD566C97D1BA9:liveshare:WorkspaceClient I] Host version: {"version":"1.0.5571.49914","protocolVersion":"2.2","platformName":"Linux 6.2.0","platformVersion":"6.2.0.1018"}
[Client:extension:2afc:liveshare:connection:E417C2ACFE8D604B6BFE791BD566C97D1BA9:liveshare:WorkspaceClient V] < workspace.joinWorkspace()
[Client:extension:2afc:liveshare:connection:E417C2ACFE8D604B6BFE791BD566C97D1BA9:liveshare:WorkspaceClient V] > workspace.joinWorkspace() succeeded t:7.0
[Client:extension:2afc:liveshare:connection:E417C2ACFE8D604B6BFE791BD566C97D1BA9:liveshare:WorkspaceClient I] joinWorkspace -> session:5 conversation:de7ea18a-042a-4c41-ba53-7dd7e731e708 join messages count:2
[perf V] name:Joining the workspace duration:691.8559899996035
[Client:extension:2afc:liveshare:connection:E417C2ACFE8D604B6BFE791BD566C97D1BA9:liveshare:WorkspaceClient I] join completed
[Client:extension:2afc:liveshare:connection:E417C2ACFE8D604B6BFE791BD566C97D1BA9:liveshare:WorkspaceClient:1 I] Start checking connection timeout:5000
[Client:extension:2afc:liveshare:connection:E417C2ACFE8D604B6BFE791BD566C97D1BA9:liveshare:WorkspaceClient V] subscribing to onDispose event
[perf V] name:join LiveShare session duration:809.4093149998225
[Client:extension:2afc:liveshare:connection:E417C2ACFE8D604B6BFE791BD566C97D1BA9:liveshare V] setWorkspaceSessionInfo> object #0: {
  "sessionNumber": 5,
  "conversationId": "de7ea18a-042a-4c41-ba53-7dd7e731e708",
  "connectionMode": "local",
  "sessions": {
    "1": {
      "id": "vm_9a153ed2-0a59-4e29-be00-0b3710c3732d",
      "email": "<null>",
      "userName": "<null>",
      "provider": "vscs",
      "avatarUri": "",
      "isOwner": true,
      "isHost": true,
      "clientCapabilities": {
        "extensionReadOnlySupport": true,
        "clientReadOnlySupport": true,
        "emptyWorkspaceOpenFolderSupport": true,
        "persistentRootSupport": true
      }
    },
    "2": {
      "id": "398a6654-997b-47e9-b12b-9515b896b4de_149463221",
      "name": "<11:<redacted>>",
      "email": "<redacted>",
      "userName": "<11:<redacted>>",
      "provider": "github",
      "avatarUri": "",
      "isOwner": true,
      "clientCapabilities": {}
    },
    "4": {
      "id": "398a6654-997b-47e9-b12b-9515b896b4de_149463221",
      "name": "<11:<redacted>>",
      "email": "<redacted>",
      "userName": "<11:<redacted>>",
      "provider": "github",
      "avatarUri": "",
      "isOwner": true,
      "clientCapabilities": {}
    },
    "5": {
      "id": "398a6654-997b-47e9-b12b-9515b896b4de_149463221",
      "name": "<11:<redacted>>",
      "email": "<redacted>",
      "userName": "<11:<redacted>>",
      "provider": "github",
      "avatarUri": "",
      "isOwner": true,
      "clientCapabilities": {}
    }
  },
  "accessControl": {
    "defaultAccessControl": {},
    "userAccessControl": {}
  },
  "isPresentation": false,
  "allowPortForwardingExternalConnections": false,
  "rootFullPaths": [
    "/~0"
  ],
  "serviceNames": null,
  "id": "0DB4C5234C86E83C4AB46EA181053C9F0D2B",
  "name": "<9:<redacted>>",
  "joinUri": "https://prod.liveshare.vsengsaas.visualstudio.com/join?0DB4C5234C86E83C4AB46EA181053C9F0D2B",
  "ownerId": "398a6654-997b-47e9-b12b-9515b896b4de_149463221",
  "expiresAt": "2024-03-07T08:45:53.744164Z"
}
[Client:extension:2afc:liveshare:connection:E417C2ACFE8D604B6BFE791BD566C97D1BA9:liveshare I] ownerId: "398a6654-997b-47e9-b12b-9515b896b4de_149463221"
[Client:extension:2afc:liveshare:connection:E417C2ACFE8D604B6BFE791BD566C97D1BA9:liveshare I] LS session joined and authenticated
[Client:extension:2afc:liveshare:connection:E417C2ACFE8D604B6BFE791BD566C97D1BA9:liveshare:WorkspaceClient I] Creating proxy for workspace service
[Client:extension:2afc:liveshare:connection:E417C2ACFE8D604B6BFE791BD566C97D1BA9:liveshare I] connection status changed: connecting -> connected, error:> object #0: undefined
[Client:extension:2afc:liveshare:connection:E417C2ACFE8D604B6BFE791BD566C97D1BA9:liveshare I] firing change event: > object #0: {
  "status": "connected",
  "previousStatus": "connecting"
}
[Client:extension:2afc:liveshare:onConnectionChanged:E417C2ACFE8D604B6BFE791BD566C97D1BA9 I] connecting -> connected
[Client:extension:2afc:liveshare:connection:E417C2ACFE8D604B6BFE791BD566C97D1BA9:liveshare I] 🔌 connected
[Client:extension:2afc:liveshare:connection-record V] subscribing to onDispose event
[Client:extension:2afc:liveshare-joint:connection:E417C2ACFE8D604B6BFE791BD566C97D1BA9:liveshare-joint:liveshare V] subscribing to onDispose event
[Client:extension:2afc:liveshare:connection:E417C2ACFE8D604B6BFE791BD566C97D1BA9:liveshare V] subscribing to onDispose event
[Client:extension:2afc:liveshare-joint:connection:E417C2ACFE8D604B6BFE791BD566C97D1BA9:liveshare-joint:liveshare I] connection status changed: connecting -> connected, error:> object #0: undefined
[Client:extension:2afc:liveshare-joint:connection:E417C2ACFE8D604B6BFE791BD566C97D1BA9:liveshare-joint:liveshare I] firing change event: > object #0: {
  "status": "connected",
  "previousStatus": "connecting"
}
[Client:extension:2afc:liveshare-joint:onConnectionChanged:E417C2ACFE8D604B6BFE791BD566C97D1BA9 I] connecting -> connected
[Client:extension:2afc:liveshare-joint:connection:E417C2ACFE8D604B6BFE791BD566C97D1BA9:liveshare-joint:liveshare I] 🔌 connected
[Client:extension:2afc:liveshare-joint:connection-record V] subscribing to onDispose event
[Client:extension:2afc:resolver:resolve:1:connection:E417C2ACFE8D604B6BFE791BD566C97D1BA9_57b2f5df-8971-47c5-babf-e3fc991c8b89_stable_8b3775030ed1a69b13e4f4c628c612102e30a681:vscode V] subscribing to onDispose event
[Client:extension:2afc:liveshare-joint:connection:E417C2ACFE8D604B6BFE791BD566C97D1BA9:liveshare-joint:liveshare V] subscribing to onDispose event
[Client:extension:2afc:liveshare:connection:E417C2ACFE8D604B6BFE791BD566C97D1BA9:liveshare:WorkspaceClient I] Creating proxy for serverSharing service
[Client:extension:2afc:liveshare:connection:E417C2ACFE8D604B6BFE791BD566C97D1BA9:liveshare:WorkspaceClient I] Creating proxy for IVSCodeServerHostService service
[Client:extension:2afc:liveshare:connection:E417C2ACFE8D604B6BFE791BD566C97D1BA9:liveshare:WorkspaceClient I] Creating proxy for ICodespaceHostService service
[Client:extension:2afc:resolver:resolve:1:connection:E417C2ACFE8D604B6BFE791BD566C97D1BA9_57b2f5df-8971-47c5-babf-e3fc991c8b89_stable_8b3775030ed1a69b13e4f4c628c612102e30a681:vscode I] starting vscode server..> object #0: {
  "token": "<1138:<redacted>>",
  "environmentId": "57b2f5df-8971-47c5-babf-e3fc991c8b89",
  "workspaceId": "E417C2ACFE8D604B6BFE791BD566C97D1BA9",
  "vsCodeCommit": "8b3775030ed1a69b13e4f4c628c612102e30a681",
  "vsCodeQuality": "stable",
  "extensions": [
    "GitHub.codespaces",
    "GitHub.vscode-pull-request-github"
  ],
  "telemetry": true,
  "liveShareEndpoint": "https://prod.liveshare.vsengsaas.visualstudio.com/api/v1.2/",
  "connectionInfo": {
    "id": "E417C2ACFE8D604B6BFE791BD566C97D1BA9",
    "relaySas": "<255:<redacted>>",
    "relayLink": "sb://vsls-prod-ins-asse-private-relay.servicebus.windows.net/0db4c5234c86e83c4ab46ea181053c9f0d2b--de7ea18a-042a-4c41-ba53-7dd7e731e708",
    "sessionToken": "<1138:<redacted>>",
    "hostPublicKeys": [
      "AAAAB3NzaC1yc2EAAAADAQABAAABAQCoyvzCHgXFz98QWhEYMg6dfcEzYkYUFYSZ4jaPSjMogiFEcTobMW9uhGWhRhtAHuioSOgv3nut54W89uJ1ArFCHr1riHptPVZ26XzpzVq44NohR7BVzYRHXk10Ev9+kynSPx7Dg8J8CmIRZ71n22Yb7Ik28OQPJ8dcbXyn2qSALmy7n38YLuDkYGWBGm2xLzmvZgrAVB5elNkfWli5NchZQdp4u2JKgtjpJFGDIKW/szTHNx5ovF/Kz6PR5A2W0bTXMsyKppJUd0J3IswSJbz6HLWFNrEr+/3sYu23pvEpIbGscAvl+AUBy0OzDg/FM5BYgnrXJHGvKVD/ychtlbsf"
    ],
    "tunnelProperties": {
      "tunnelId": "silent-chair-xbpvb76",
      "clusterId": "asse",
      "domain": "app.github.dev",
      "connectAccessToken": "<390:<redacted>>",
      "managePortsAccessToken": "<397:<redacted>>",
      "serviceUri": "https://global.rel.tunnels.api.visualstudio.com/"
    }
  },
  "clientId": "6ef61f5e092ec82c"
}
[Client:extension:2afc:liveshare:connection:E417C2ACFE8D604B6BFE791BD566C97D1BA9:liveshare:WorkspaceClient V] > workspace.servicesChanged: 
[Client:extension:2afc:liveshare:connection:E417C2ACFE8D604B6BFE791BD566C97D1BA9:liveshare:WorkspaceClient V] > workspace.progressUpdated: 
[Client:extension:2afc:resolver:resolve:1:connection:E417C2ACFE8D604B6BFE791BD566C97D1BA9_57b2f5df-8971-47c5-babf-e3fc991c8b89_stable_8b3775030ed1a69b13e4f4c628c612102e30a681:vscode I] Executed start-remote-server using gRPC
[Client:extension:2afc:resolver:resolve:1:connection:E417C2ACFE8D604B6BFE791BD566C97D1BA9_57b2f5df-8971-47c5-babf-e3fc991c8b89_stable_8b3775030ed1a69b13e4f4c628c612102e30a681:vscode I] vscode started, forwarding the server port
[Client:extension:2afc:resolver:resolve:1:connection:E417C2ACFE8D604B6BFE791BD566C97D1BA9_57b2f5df-8971-47c5-babf-e3fc991c8b89_stable_8b3775030ed1a69b13e4f4c628c612102e30a681:vscode I] the server port forwarded, port number is 45283
[Client:extension:2afc:resolver:resolve:1:connection:E417C2ACFE8D604B6BFE791BD566C97D1BA9_57b2f5df-8971-47c5-babf-e3fc991c8b89_stable_8b3775030ed1a69b13e4f4c628c612102e30a681:vscode I] vscode server startup complete
[perf V] name:start vscode server duration:694.5565670002252
[Client:extension:2afc:resolver:resolve:1:connection:E417C2ACFE8D604B6BFE791BD566C97D1BA9_57b2f5df-8971-47c5-babf-e3fc991c8b89_stable_8b3775030ed1a69b13e4f4c628c612102e30a681:vscode I] forwarding the VSCode Server port "45283".
[Client:extension:2afc:liveshare:connection:E417C2ACFE8D604B6BFE791BD566C97D1BA9:liveshare:WorkspaceClient V] < serverSharing.startSharing()
[Client:extension:2afc:liveshare:connection:E417C2ACFE8D604B6BFE791BD566C97D1BA9:liveshare:WorkspaceClient V] > serverSharing.sharingSucceeded: 
[Client:extension:2afc:liveshare:connection:E417C2ACFE8D604B6BFE791BD566C97D1BA9:liveshare:WorkspaceClient V] > serverSharing.startSharing() succeeded t:12.0
[perf V] name:share vscode server TCP port duration:12.305387999862432
[Client:extension:2afc:resolver:resolve:1:connection:E417C2ACFE8D604B6BFE791BD566C97D1BA9_57b2f5df-8971-47c5-babf-e3fc991c8b89_stable_8b3775030ed1a69b13e4f4c628c612102e30a681:vscode I] VSCode Server port "45283" forwarded.
[Client:extension:2afc:liveshare:connection:E417C2ACFE8D604B6BFE791BD566C97D1BA9:liveshare:WorkspaceClient I] Creating proxy for streamManager service
[Client:extension:2afc:resolver:resolve:1:connection:E417C2ACFE8D604B6BFE791BD566C97D1BA9_57b2f5df-8971-47c5-babf-e3fc991c8b89_stable_8b3775030ed1a69b13e4f4c628c612102e30a681:vscode I] connection status changed: connecting -> connected, error:> object #0: undefined
[Client:extension:2afc:resolver:resolve:1:connection:E417C2ACFE8D604B6BFE791BD566C97D1BA9_57b2f5df-8971-47c5-babf-e3fc991c8b89_stable_8b3775030ed1a69b13e4f4c628c612102e30a681:vscode I] firing change event: > object #0: {
  "status": "connected",
  "previousStatus": "connecting"
}
[Client:extension:2afc:vscode:onConnectionChanged:E417C2ACFE8D604B6BFE791BD566C97D1BA9_57b2f5df-8971-47c5-babf-e3fc991c8b89_stable_8b3775030ed1a69b13e4f4c628c612102e30a681 I] connecting -> connected
[Client:extension:2afc:resolver:resolve:1:connection:E417C2ACFE8D604B6BFE791BD566C97D1BA9_57b2f5df-8971-47c5-babf-e3fc991c8b89_stable_8b3775030ed1a69b13e4f4c628c612102e30a681:vscode I] 🔌 connected
[Client:extension:2afc:vscode:connection-record V] subscribing to onDispose event
[Client:extension:2afc:liveshare:connection:E417C2ACFE8D604B6BFE791BD566C97D1BA9:liveshare:WorkspaceClient V] < streamManager.getStream()
[Client:extension:2afc:liveshare:connection:E417C2ACFE8D604B6BFE791BD566C97D1BA9:liveshare:WorkspaceClient V] < streamManager.getStream()
[Client:extension:2afc:resolver:resolve:1:connection:E417C2ACFE8D604B6BFE791BD566C97D1BA9_57b2f5df-8971-47c5-babf-e3fc991c8b89_stable_8b3775030ed1a69b13e4f4c628c612102e30a681:vscode V] subscribing to onDispose event
[Client:extension:2afc:resolver:port-forwarder:tunnel-manager V] tunneling the connection> object #0: [object Object]
[Client:extension:2afc:resolver:port-forwarder:tunnel-manager V] Tunneling vscode server port> object #0: false
[Client:extension:2afc:resolver:resolve:1:connection:E417C2ACFE8D604B6BFE791BD566C97D1BA9_57b2f5df-8971-47c5-babf-e3fc991c8b89_stable_8b3775030ed1a69b13e4f4c628c612102e30a681:vscode V] subscribing to onDispose event
[Client:extension:2afc:resolver:port-forwarder:tunnel-manager V] reviving tunnels
[Client:extension:2afc:resolver:port-forwarder:tunnel-manager V] reviving tunnels
[Client:extension:2afc:liveshare:connection:E417C2ACFE8D604B6BFE791BD566C97D1BA9:liveshare:WorkspaceClient V] < serverSharing.getSharedServers()
[Client:extension:2afc:liveshare:connection:E417C2ACFE8D604B6BFE791BD566C97D1BA9:liveshare:WorkspaceClient V] > streamManager.getStream() succeeded t:23.0
[perf V] name:get stream Id duration:26.19273700006306
[Client:extension:2afc:liveshare:connection:E417C2ACFE8D604B6BFE791BD566C97D1BA9:liveshare:WorkspaceClient I] openStreamingChannel -> streamId:ServerSharing_6
[Client:extension:2afc:liveshare:connection:E417C2ACFE8D604B6BFE791BD566C97D1BA9:liveshare:WorkspaceClient V] Sending #15 ChannelOpenMessage(channelType=session, senderChannel=2)
[Client:extension:2afc:liveshare:connection:E417C2ACFE8D604B6BFE791BD566C97D1BA9:liveshare:WorkspaceClient V] Receiving #14 ChannelOpenConfirmationMessage (recipientChannel=2)(senderChannel=1)
[Client:extension:2afc:liveshare:connection:E417C2ACFE8D604B6BFE791BD566C97D1BA9:liveshare:WorkspaceClient V] Sending #16 ChannelRequestMessage (recipientChannel=1)
[Client:extension:2afc:liveshare:connection:E417C2ACFE8D604B6BFE791BD566C97D1BA9:liveshare:WorkspaceClient V] > serverSharing.getSharedServers() succeeded t:26.0
[Client:extension:2afc:resolver:resolve:1:connection:E417C2ACFE8D604B6BFE791BD566C97D1BA9_57b2f5df-8971-47c5-babf-e3fc991c8b89_stable_8b3775030ed1a69b13e4f4c628c612102e30a681:vscode V] got shared servers list> object #0: [
  "CodespacesInternal:16634:private:true:false",
  "CodespacesInternal_web:16635:private:true:false",
  "Port: 3000:3000:private:false:false",
  "Port: 8000:8000:private:false:false",
  "VSCodeServerInternal:45283:private:true:false"
]
[Client:extension:2afc:resolver:port-forwarder:tunnel-manager I] skipping Codespaces internal tunnel> object #0: #16634
[Client:extension:2afc:resolver:port-forwarder:tunnel-manager I] skipping Codespaces internal tunnel> object #0: #16635
[Client:extension:2afc:resolver:port-forwarder:tunnel-manager I] skipping vscode server tunnel> object #0: #45283
[Client:extension:2afc:resolver:port-forwarder:tunnel-manager V] tunnels revived
[Client:extension:2afc:resolver:port-forwarder:tunnel-manager V] init server sharing event listeners
[Client:extension:2afc:resolver:resolve:1 I] vscode server remote port: "45283", local port: "undefined"}
[Client V] connect duration: 3978 ms
[BrowserConnectorService V] Initializing BrowserConnectorService using connection> object #0: [object Object]
[Client:extension:2afc:liveshare:connection:E417C2ACFE8D604B6BFE791BD566C97D1BA9:liveshare:WorkspaceClient I] Creating proxy for sourceEvent service
[BrowserConnectorService V] BrowserConnectorService.sendMessage: {"initialized":true,"message":"codespaces:browser-connector-service-initialized","payload":"<probably pii>"}
[Client:extension:2afc:resolver:resolve:1 I] Progress: Done
[Client:extension:2afc:resolver I] Subscribed to event stream
[Client:extension:2afc:resolver:resolve:1:background-tasks I] launching background configuration tasks
[Client:extension:2afc:resolver:resolve:1:background-tasks:post-attach-command-manager I] PostAttachCommandManager: addEnvironmentConfiguredEventCallback()
[Client:extension:2afc:resolver:resolve:1:background-tasks:post-attach-command-manager V] subscribing to onDispose event
[Client:extension:2afc:resolver:resolve:1:background-tasks I] no max idle timeout notice
[Client:extension:2afc:resolver:resolve:1:background-tasks V] checking correctness of the codespace session path> object #0: [
  {
    "uri": {
      "$mid": 1,
      "fsPath": "/home/vscode/progate_path/self_introduction_commit/self_introduction",
      "external": "file:///home/vscode/progate_path/self_introduction_commit/self_introduction",
      "path": "/home/vscode/progate_path/self_introduction_commit/self_introduction",
      "scheme": "file"
    },
    "name": "<17:<redacted>>",
    "index": 0
  }
]
[Client:extension:2afc:resolver:resolve:1:background-tasks I] session path correction - progressType: "0"
[Client:extension:2afc:resolver:resolve:1:background-tasks I] starting activity monitor, isRunningInWeb: "true"
[Client:extension:2afc:resolver:resolve:1:background-tasks:activity-monitor:vscode-activity-provider I] isRunningInWeb: true
[Client:extension:2afc:resolver:resolve:1:background-tasks:activity-monitor:vscode-activity-provider I] starting activity monitor
[Client:extension:2afc:resolver:resolve:1:background-tasks:activity-monitor:vscode-activity-provider V] sending activity heartbeat
[Client:extension:2afc:liveshare:connection:E417C2ACFE8D604B6BFE791BD566C97D1BA9:liveshare:WorkspaceClient I] Creating proxy for IEnvironmentConfigurationService service
[Client:extension:2afc:resolver:resolve:1:background-tasks:openDefaultFiles I] Skipping openFiles because it's not the first activation
[Client:extension:2afc:liveshare:connection:E417C2ACFE8D604B6BFE791BD566C97D1BA9:liveshare:WorkspaceClient V] < sourceEvent.fireEvent()
[Client:extension:2afc:resolver:port-forwarder:tunnel-manager I] asking vscode to open the tunnel> object #0: #3000
> object #1: "127.0.0.1"
[Client:extension:2afc:resolver:port-forwarder:tunnel-manager I] asking vscode to open the tunnel> object #0: #8000
> object #1: "127.0.0.1"
[Client:extension:2afc:liveshare:connection:E417C2ACFE8D604B6BFE791BD566C97D1BA9:liveshare:WorkspaceClient V] > streamManager.getStream() succeeded t:63.0
[perf V] name:get stream Id duration:65.98884400026873
[Client:extension:2afc:liveshare:connection:E417C2ACFE8D604B6BFE791BD566C97D1BA9:liveshare:WorkspaceClient I] openStreamingChannel -> streamId:ServerSharing_7
[Client:extension:2afc:liveshare:connection:E417C2ACFE8D604B6BFE791BD566C97D1BA9:liveshare:WorkspaceClient V] Sending #18 ChannelOpenMessage(channelType=session, senderChannel=3)
[Client:extension:2afc:liveshare:connection:E417C2ACFE8D604B6BFE791BD566C97D1BA9:liveshare:WorkspaceClient V] Receiving #15 ChannelOpenConfirmationMessage (recipientChannel=3)(senderChannel=2)
[Client:extension:2afc:liveshare:connection:E417C2ACFE8D604B6BFE791BD566C97D1BA9:liveshare:WorkspaceClient V] Sending #19 ChannelRequestMessage (recipientChannel=2)
[Client:extension:2afc:liveshare:connection:E417C2ACFE8D604B6BFE791BD566C97D1BA9:liveshare:WorkspaceClient V] > sourceEvent.event: 
[Client:extension:2afc:liveshare:connection:E417C2ACFE8D604B6BFE791BD566C97D1BA9:liveshare:WorkspaceClient V] > sourceEvent.fireEvent() succeeded t:20.0
[Client:extension:2afc:resolver:resolve:1:background-tasks I] Executed is-recovery-container using gRPC
[Client:extension:2afc:resolver:resolve:1:background-tasks V] not in recovery container
[Client:extension:2afc:resolver I] Received event: Subscribed
[Client:extension:2afc:resolver I] Client 8eb66a80-481a-4c7a-b53b-703b9aee57cd subscribed to event stream
[Client:extension:2afc:resolver I] Received event: EnvironmentConfigured
[Client:extension:2afc:resolver:resolve:1:background-tasks:post-attach-command-manager I] PostAttachCommandManager: handleEnvironmentConfiguredEvent()
[Client:extension:2afc:resolver:resolve:1:background-tasks I] GetRemotePid: Echoing $PPID to /tmp/codespace_pids/.pid-bdecf024-9157-4dfd-be59-338744f46fa1...
[Client:extension:2afc:resolver:resolve:1:background-tasks I] GetRemotePid: Start polling for existance of PID file at file:///tmp/codespace_pids/.pid-bdecf024-9157-4dfd-be59-338744f46fa1 took 1 ms...
[Client:extension:2afc:resolver:resolve:1:background-tasks:activity-monitor:vscode-activity-provider I] Executed notify-codespace-of-client-activity using gRPC
[Client:extension:2afc:resolver:resolve:1:background-tasks:activity-monitor:vscode-activity-provider I] Activity signal sent with result true
[Performance I] Executed get-container-persisted-folder using gRPC
[Client:extension:2afc:resolver:resolve:1:background-tasks I] Executed get-container-persisted-folder using gRPC
[Client:extension:2afc:resolver:resolve:1:background-tasks V] container folder path: "/workspaces/.codespaces/.persistedshare"
[Client:extension:2afc:resolver:resolve:1:background-tasks V] shared folder path: "/workspaces/.codespaces/shared/postCreateOutput.json"
[Client:extension:2afc:resolver:resolve:1:background-tasks V] shared file path: "/workspaces/.codespaces/shared/postCreateOutput.json"
[ResourceUsage I] Executed get-container-persisted-folder using gRPC
[ResourceUsage V] container folder path: "/workspaces/.codespaces/.persistedshare"
[ResourceUsage V] shared folder path: "/workspaces/.codespaces/shared/resource-usage.json"
[ResourceUsage V] shared file path: "/workspaces/.codespaces/shared/resource-usage.json"
[ResourceUsage I] Starting monitor
[ResourceUsage I] Checking if the codespace connection exists
[Client:extension:2afc:resolver:resolve:1:background-tasks I] Executed configure-environment using gRPC
[Client:extension:2afc:resolver:port-forwarder:tunnel-manager I] vscode to open the tunnel completed> object #0: #3000
> object #1: "127.0.0.1"
[Client:extension:2afc:resolver:port-forwarder:tunnel-manager I] vscode to open the tunnel completed> object #0: #8000
> object #1: "127.0.0.1"
[Client:extension:2afc:liveshare:connection:E417C2ACFE8D604B6BFE791BD566C97D1BA9:liveshare:WorkspaceClient V] > sourceEvent.event: 
[Performance I] Starting monitor
[Performance I] Checking if the codespace connection exists
[Client:extension:2afc:resolver:resolve:1:background-tasks:post-attach-command-manager I] PostAttachCommandManager: commandsKey: codespaces.1044.runningPostAttachCommands
[Client:extension:2afc:resolver:resolve:1:background-tasks:post-attach-command-manager I] PostAttachCommandManager: Running /bin/bash ~/environment/.devcontainer/postAttachCommand.sh in terminal Codespaces: /bin/bash ~/environment/.devcontainer/postAttachCommand.sh
[Client:extension:2afc:resolver:resolve:1:background-tasks:post-attach-command-manager I] PostAttachCommandManager: Added Codespaces: /bin/bash ~/environment/.devcontainer/postAttachCommand.sh to codespaces.1044.runningPostAttachCommands
[Client:extension:2afc:liveshare:connection:E417C2ACFE8D604B6BFE791BD566C97D1BA9:liveshare:WorkspaceClient:1 V] checkConnectionWithTimeout -> 'started'
[Client:extension:2afc:liveshare:connection:E417C2ACFE8D604B6BFE791BD566C97D1BA9:liveshare:WorkspaceClient V] checking ssh connection
[Client:extension:2afc:liveshare:connection:E417C2ACFE8D604B6BFE791BD566C97D1BA9:liveshare:WorkspaceClient V] Sending #20 SessionRequestMessage (requestType=ping-check-connection)
[Client:extension:2afc:liveshare:connection:E417C2ACFE8D604B6BFE791BD566C97D1BA9:liveshare:WorkspaceClient V] Receiving #18 SessionRequestFailureMessage
[Client:extension:2afc:liveshare:connection:E417C2ACFE8D604B6BFE791BD566C97D1BA9:liveshare:WorkspaceClient:1 V] checkConnectionWithTimeout -> 'succeeded' t:5.0
[Client:extension:2afc:liveshare:connection:E417C2ACFE8D604B6BFE791BD566C97D1BA9:liveshare:WorkspaceClient:1 V] checkConnectionWithTimeout -> 'started'
[Client:extension:2afc:liveshare:connection:E417C2ACFE8D604B6BFE791BD566C97D1BA9:liveshare:WorkspaceClient V] checking ssh connection
[Client:extension:2afc:liveshare:connection:E417C2ACFE8D604B6BFE791BD566C97D1BA9:liveshare:WorkspaceClient V] Sending #21 SessionRequestMessage (requestType=ping-check-connection)
[Client:extension:2afc:liveshare:connection:E417C2ACFE8D604B6BFE791BD566C97D1BA9:liveshare:WorkspaceClient V] Receiving #19 SessionRequestFailureMessage
[Client:extension:2afc:liveshare:connection:E417C2ACFE8D604B6BFE791BD566C97D1BA9:liveshare:WorkspaceClient:1 V] checkConnectionWithTimeout -> 'succeeded' t:4.0
[Client:extension:2afc:liveshare:connection:E417C2ACFE8D604B6BFE791BD566C97D1BA9:liveshare:WorkspaceClient:1 V] checkConnectionWithTimeout -> 'started'
[Client:extension:2afc:liveshare:connection:E417C2ACFE8D604B6BFE791BD566C97D1BA9:liveshare:WorkspaceClient V] checking ssh connection
[Client:extension:2afc:liveshare:connection:E417C2ACFE8D604B6BFE791BD566C97D1BA9:liveshare:WorkspaceClient V] Sending #22 SessionRequestMessage (requestType=ping-check-connection)
[Client:extension:2afc:liveshare:connection:E417C2ACFE8D604B6BFE791BD566C97D1BA9:liveshare:WorkspaceClient V] Receiving #20 SessionRequestFailureMessage
[Client:extension:2afc:liveshare:connection:E417C2ACFE8D604B6BFE791BD566C97D1BA9:liveshare:WorkspaceClient:1 V] checkConnectionWithTimeout -> 'succeeded' t:3.0
[Client:extension:2afc:liveshare:connection:E417C2ACFE8D604B6BFE791BD566C97D1BA9:liveshare:WorkspaceClient:1 V] checkConnectionWithTimeout -> 'started'
[Client:extension:2afc:liveshare:connection:E417C2ACFE8D604B6BFE791BD566C97D1BA9:liveshare:WorkspaceClient V] checking ssh connection
[Client:extension:2afc:liveshare:connection:E417C2ACFE8D604B6BFE791BD566C97D1BA9:liveshare:WorkspaceClient V] Sending #23 SessionRequestMessage (requestType=ping-check-connection)
[Client:extension:2afc:liveshare:connection:E417C2ACFE8D604B6BFE791BD566C97D1BA9:liveshare:WorkspaceClient V] Receiving #22 SessionRequestFailureMessage
[Client:extension:2afc:liveshare:connection:E417C2ACFE8D604B6BFE791BD566C97D1BA9:liveshare:WorkspaceClient:1 V] checkConnectionWithTimeout -> 'succeeded' t:5.0
[Client:extension:2afc:liveshare:connection:E417C2ACFE8D604B6BFE791BD566C97D1BA9:liveshare:WorkspaceClient:1 V] checkConnectionWithTimeout -> 'started'
[Client:extension:2afc:liveshare:connection:E417C2ACFE8D604B6BFE791BD566C97D1BA9:liveshare:WorkspaceClient V] checking ssh connection
[Client:extension:2afc:liveshare:connection:E417C2ACFE8D604B6BFE791BD566C97D1BA9:liveshare:WorkspaceClient V] Sending #24 SessionRequestMessage (requestType=ping-check-connection)
[Client:extension:2afc:liveshare:connection:E417C2ACFE8D604B6BFE791BD566C97D1BA9:liveshare:WorkspaceClient V] Receiving #23 SessionRequestFailureMessage
[Client:extension:2afc:liveshare:connection:E417C2ACFE8D604B6BFE791BD566C97D1BA9:liveshare:WorkspaceClient:1 V] checkConnectionWithTimeout -> 'succeeded' t:4.0
[Performance I] Executed get-performance-data using gRPC
[Client:extension:2afc:liveshare:connection:E417C2ACFE8D604B6BFE791BD566C97D1BA9:liveshare:WorkspaceClient:1 V] checkConnectionWithTimeout -> 'started'
[Client:extension:2afc:liveshare:connection:E417C2ACFE8D604B6BFE791BD566C97D1BA9:liveshare:WorkspaceClient V] checking ssh connection
[Client:extension:2afc:liveshare:connection:E417C2ACFE8D604B6BFE791BD566C97D1BA9:liveshare:WorkspaceClient V] Sending #25 SessionRequestMessage (requestType=ping-check-connection)
[Client:extension:2afc:liveshare:connection:E417C2ACFE8D604B6BFE791BD566C97D1BA9:liveshare:WorkspaceClient V] Receiving #24 SessionRequestFailureMessage
[Client:extension:2afc:liveshare:connection:E417C2ACFE8D604B6BFE791BD566C97D1BA9:liveshare:WorkspaceClient:1 V] checkConnectionWithTimeout -> 'succeeded' t:4.0
[Client:extension:2afc:liveshare:connection:E417C2ACFE8D604B6BFE791BD566C97D1BA9:liveshare:WorkspaceClient:1 V] checkConnectionWithTimeout -> 'started'
[Client:extension:2afc:liveshare:connection:E417C2ACFE8D604B6BFE791BD566C97D1BA9:liveshare:WorkspaceClient V] checking ssh connection
[Client:extension:2afc:liveshare:connection:E417C2ACFE8D604B6BFE791BD566C97D1BA9:liveshare:WorkspaceClient V] Sending #26 SessionRequestMessage (requestType=ping-check-connection)
[Client:extension:2afc:liveshare:connection:E417C2ACFE8D604B6BFE791BD566C97D1BA9:liveshare:WorkspaceClient V] Receiving #26 SessionRequestFailureMessage
[Client:extension:2afc:liveshare:connection:E417C2ACFE8D604B6BFE791BD566C97D1BA9:liveshare:WorkspaceClient:1 V] checkConnectionWithTimeout -> 'succeeded' t:7.0
[Client:extension:2afc:liveshare:connection:E417C2ACFE8D604B6BFE791BD566C97D1BA9:liveshare:WorkspaceClient:1 V] checkConnectionWithTimeout -> 'started'
[Client:extension:2afc:liveshare:connection:E417C2ACFE8D604B6BFE791BD566C97D1BA9:liveshare:WorkspaceClient V] checking ssh connection
[Client:extension:2afc:liveshare:connection:E417C2ACFE8D604B6BFE791BD566C97D1BA9:liveshare:WorkspaceClient V] Sending #27 SessionRequestMessage (requestType=ping-check-connection)
[Client:extension:2afc:liveshare:connection:E417C2ACFE8D604B6BFE791BD566C97D1BA9:liveshare:WorkspaceClient V] Receiving #27 SessionRequestFailureMessage
[Client:extension:2afc:liveshare:connection:E417C2ACFE8D604B6BFE791BD566C97D1BA9:liveshare:WorkspaceClient:1 V] checkConnectionWithTimeout -> 'succeeded' t:5.0
[Client:extension:2afc:liveshare:connection:E417C2ACFE8D604B6BFE791BD566C97D1BA9:liveshare:WorkspaceClient:1 V] checkConnectionWithTimeout -> 'started'
[Client:extension:2afc:liveshare:connection:E417C2ACFE8D604B6BFE791BD566C97D1BA9:liveshare:WorkspaceClient V] checking ssh connection
[Client:extension:2afc:liveshare:connection:E417C2ACFE8D604B6BFE791BD566C97D1BA9:liveshare:WorkspaceClient V] Sending #28 SessionRequestMessage (requestType=ping-check-connection)
[Client:extension:2afc:liveshare:connection:E417C2ACFE8D604B6BFE791BD566C97D1BA9:liveshare:WorkspaceClient V] Receiving #28 SessionRequestFailureMessage
[Client:extension:2afc:liveshare:connection:E417C2ACFE8D604B6BFE791BD566C97D1BA9:liveshare:WorkspaceClient:1 V] checkConnectionWithTimeout -> 'succeeded' t:5.0
[Performance I] Executed get-performance-data using gRPC
[Client:extension:2afc:liveshare:connection:E417C2ACFE8D604B6BFE791BD566C97D1BA9:liveshare:WorkspaceClient:1 V] checkConnectionWithTimeout -> 'started'
[Client:extension:2afc:liveshare:connection:E417C2ACFE8D604B6BFE791BD566C97D1BA9:liveshare:WorkspaceClient V] checking ssh connection
[Client:extension:2afc:liveshare:connection:E417C2ACFE8D604B6BFE791BD566C97D1BA9:liveshare:WorkspaceClient V] Sending #29 SessionRequestMessage (requestType=ping-check-connection)
[Client:extension:2afc:liveshare:connection:E417C2ACFE8D604B6BFE791BD566C97D1BA9:liveshare:WorkspaceClient V] Receiving #30 SessionRequestFailureMessage
[Client:extension:2afc:liveshare:connection:E417C2ACFE8D604B6BFE791BD566C97D1BA9:liveshare:WorkspaceClient:1 V] checkConnectionWithTimeout -> 'succeeded' t:4.0
[Client:extension:2afc:liveshare:connection:E417C2ACFE8D604B6BFE791BD566C97D1BA9:liveshare:WorkspaceClient:1 V] checkConnectionWithTimeout -> 'started'
[Client:extension:2afc:liveshare:connection:E417C2ACFE8D604B6BFE791BD566C97D1BA9:liveshare:WorkspaceClient V] checking ssh connection
[Client:extension:2afc:liveshare:connection:E417C2ACFE8D604B6BFE791BD566C97D1BA9:liveshare:WorkspaceClient V] Sending #30 SessionRequestMessage (requestType=ping-check-connection)
[Client:extension:2afc:liveshare:connection:E417C2ACFE8D604B6BFE791BD566C97D1BA9:liveshare:WorkspaceClient V] Receiving #31 SessionRequestFailureMessage
[Client:extension:2afc:liveshare:connection:E417C2ACFE8D604B6BFE791BD566C97D1BA9:liveshare:WorkspaceClient:1 V] checkConnectionWithTimeout -> 'succeeded' t:19.0
[Client:extension:2afc:liveshare:connection:E417C2ACFE8D604B6BFE791BD566C97D1BA9:liveshare:WorkspaceClient:1 V] checkConnectionWithTimeout -> 'started'
[Client:extension:2afc:liveshare:connection:E417C2ACFE8D604B6BFE791BD566C97D1BA9:liveshare:WorkspaceClient V] checking ssh connection
[Client:extension:2afc:liveshare:connection:E417C2ACFE8D604B6BFE791BD566C97D1BA9:liveshare:WorkspaceClient V] Sending #31 SessionRequestMessage (requestType=ping-check-connection)
[Client:extension:2afc:liveshare:connection:E417C2ACFE8D604B6BFE791BD566C97D1BA9:liveshare:WorkspaceClient V] Receiving #32 SessionRequestFailureMessage
[Client:extension:2afc:liveshare:connection:E417C2ACFE8D604B6BFE791BD566C97D1BA9:liveshare:WorkspaceClient:1 V] checkConnectionWithTimeout -> 'succeeded' t:5.0
[Client:extension:2afc:liveshare:connection:E417C2ACFE8D604B6BFE791BD566C97D1BA9:liveshare:WorkspaceClient:1 V] checkConnectionWithTimeout -> 'started'
[Client:extension:2afc:liveshare:connection:E417C2ACFE8D604B6BFE791BD566C97D1BA9:liveshare:WorkspaceClient V] checking ssh connection
[Client:extension:2afc:liveshare:connection:E417C2ACFE8D604B6BFE791BD566C97D1BA9:liveshare:WorkspaceClient V] Sending #32 SessionRequestMessage (requestType=ping-check-connection)
[Client:extension:2afc:liveshare:connection:E417C2ACFE8D604B6BFE791BD566C97D1BA9:liveshare:WorkspaceClient V] Receiving #34 SessionRequestFailureMessage
[Client:extension:2afc:liveshare:connection:E417C2ACFE8D604B6BFE791BD566C97D1BA9:liveshare:WorkspaceClient:1 V] checkConnectionWithTimeout -> 'succeeded' t:4.0
[Client:extension:2afc:liveshare:connection:E417C2ACFE8D604B6BFE791BD566C97D1BA9:liveshare:WorkspaceClient V] Receiving #37 ChannelCloseMessage (recipientChannel=2)
[Client:extension:2afc:liveshare:connection:E417C2ACFE8D604B6BFE791BD566C97D1BA9:liveshare:WorkspaceClient I] SshChannel(Type: session, Id: 2, RemoteId: 1) closed remotely. (S: 0, R: 51)
[Client:extension:2afc:liveshare:connection:E417C2ACFE8D604B6BFE791BD566C97D1BA9:liveshare:WorkspaceClient V] Receiving #38 ChannelCloseMessage (recipientChannel=3)
[Client:extension:2afc:liveshare:connection:E417C2ACFE8D604B6BFE791BD566C97D1BA9:liveshare:WorkspaceClient I] SshChannel(Type: session, Id: 3, RemoteId: 2) closed remotely. (S: 0, R: 51)
[Performance I] Executed get-performance-data using gRPC
[Client:extension:2afc:liveshare:connection:E417C2ACFE8D604B6BFE791BD566C97D1BA9:liveshare:WorkspaceClient:1 V] checkConnectionWithTimeout -> 'started'
[Client:extension:2afc:liveshare:connection:E417C2ACFE8D604B6BFE791BD566C97D1BA9:liveshare:WorkspaceClient V] checking ssh connection
[Client:extension:2afc:liveshare:connection:E417C2ACFE8D604B6BFE791BD566C97D1BA9:liveshare:WorkspaceClient V] Sending #33 SessionRequestMessage (requestType=ping-check-connection)
[Client:extension:2afc:liveshare:connection:E417C2ACFE8D604B6BFE791BD566C97D1BA9:liveshare:WorkspaceClient V] Receiving #39 SessionRequestFailureMessage
[Client:extension:2afc:liveshare:connection:E417C2ACFE8D604B6BFE791BD566C97D1BA9:liveshare:WorkspaceClient:1 V] checkConnectionWithTimeout -> 'succeeded' t:4.0
[Client:extension:2afc:liveshare:connection:E417C2ACFE8D604B6BFE791BD566C97D1BA9:liveshare:WorkspaceClient:1 V] checkConnectionWithTimeout -> 'started'
[Client:extension:2afc:liveshare:connection:E417C2ACFE8D604B6BFE791BD566C97D1BA9:liveshare:WorkspaceClient V] checking ssh connection
[Client:extension:2afc:liveshare:connection:E417C2ACFE8D604B6BFE791BD566C97D1BA9:liveshare:WorkspaceClient V] Sending #34 SessionRequestMessage (requestType=ping-check-connection)
[Client:extension:2afc:liveshare:connection:E417C2ACFE8D604B6BFE791BD566C97D1BA9:liveshare:WorkspaceClient V] Receiving #40 SessionRequestFailureMessage
[Client:extension:2afc:liveshare:connection:E417C2ACFE8D604B6BFE791BD566C97D1BA9:liveshare:WorkspaceClient:1 V] checkConnectionWithTimeout -> 'succeeded' t:4.0
[Client:extension:2afc:liveshare:connection:E417C2ACFE8D604B6BFE791BD566C97D1BA9:liveshare:WorkspaceClient:1 V] checkConnectionWithTimeout -> 'started'
[Client:extension:2afc:liveshare:connection:E417C2ACFE8D604B6BFE791BD566C97D1BA9:liveshare:WorkspaceClient V] checking ssh connection
[Client:extension:2afc:liveshare:connection:E417C2ACFE8D604B6BFE791BD566C97D1BA9:liveshare:WorkspaceClient V] Sending #35 SessionRequestMessage (requestType=ping-check-connection)
[Client:extension:2afc:liveshare:connection:E417C2ACFE8D604B6BFE791BD566C97D1BA9:liveshare:WorkspaceClient V] Receiving #42 SessionRequestFailureMessage
[Client:extension:2afc:liveshare:connection:E417C2ACFE8D604B6BFE791BD566C97D1BA9:liveshare:WorkspaceClient:1 V] checkConnectionWithTimeout -> 'succeeded' t:4.0
[Client:extension:2afc:liveshare:connection:E417C2ACFE8D604B6BFE791BD566C97D1BA9:liveshare:WorkspaceClient:1 V] checkConnectionWithTimeout -> 'started'
[Client:extension:2afc:liveshare:connection:E417C2ACFE8D604B6BFE791BD566C97D1BA9:liveshare:WorkspaceClient V] checking ssh connection
[Client:extension:2afc:liveshare:connection:E417C2ACFE8D604B6BFE791BD566C97D1BA9:liveshare:WorkspaceClient V] Sending #36 SessionRequestMessage (requestType=ping-check-connection)
[Client:extension:2afc:liveshare:connection:E417C2ACFE8D604B6BFE791BD566C97D1BA9:liveshare:WorkspaceClient V] Receiving #43 SessionRequestFailureMessage
[Client:extension:2afc:liveshare:connection:E417C2ACFE8D604B6BFE791BD566C97D1BA9:liveshare:WorkspaceClient:1 V] checkConnectionWithTimeout -> 'succeeded' t:4.0
[Client:extension:2afc:liveshare:connection:E417C2ACFE8D604B6BFE791BD566C97D1BA9:liveshare:WorkspaceClient:1 V] checkConnectionWithTimeout -> 'started'
[Client:extension:2afc:liveshare:connection:E417C2ACFE8D604B6BFE791BD566C97D1BA9:liveshare:WorkspaceClient V] checking ssh connection
[Client:extension:2afc:liveshare:connection:E417C2ACFE8D604B6BFE791BD566C97D1BA9:liveshare:WorkspaceClient V] Sending #37 SessionRequestMessage (requestType=ping-check-connection)
[Client:extension:2afc:liveshare:connection:E417C2ACFE8D604B6BFE791BD566C97D1BA9:liveshare:WorkspaceClient V] Receiving #44 SessionRequestFailureMessage
[Client:extension:2afc:liveshare:connection:E417C2ACFE8D604B6BFE791BD566C97D1BA9:liveshare:WorkspaceClient:1 V] checkConnectionWithTimeout -> 'succeeded' t:4.0
[Performance I] Executed get-performance-data using gRPC
[Client:extension:2afc:liveshare:connection:E417C2ACFE8D604B6BFE791BD566C97D1BA9:liveshare:WorkspaceClient:1 V] checkConnectionWithTimeout -> 'started'
[Client:extension:2afc:liveshare:connection:E417C2ACFE8D604B6BFE791BD566C97D1BA9:liveshare:WorkspaceClient V] checking ssh connection
[Client:extension:2afc:liveshare:connection:E417C2ACFE8D604B6BFE791BD566C97D1BA9:liveshare:WorkspaceClient V] Sending #38 SessionRequestMessage (requestType=ping-check-connection)
[Client:extension:2afc:liveshare:connection:E417C2ACFE8D604B6BFE791BD566C97D1BA9:liveshare:WorkspaceClient V] Receiving #46 SessionRequestFailureMessage
[Client:extension:2afc:liveshare:connection:E417C2ACFE8D604B6BFE791BD566C97D1BA9:liveshare:WorkspaceClient:1 V] checkConnectionWithTimeout -> 'succeeded' t:5.0
[Client:extension:2afc:liveshare:connection:E417C2ACFE8D604B6BFE791BD566C97D1BA9:liveshare:WorkspaceClient:1 V] checkConnectionWithTimeout -> 'started'
[Client:extension:2afc:liveshare:connection:E417C2ACFE8D604B6BFE791BD566C97D1BA9:liveshare:WorkspaceClient V] checking ssh connection
[Client:extension:2afc:liveshare:connection:E417C2ACFE8D604B6BFE791BD566C97D1BA9:liveshare:WorkspaceClient V] Sending #39 SessionRequestMessage (requestType=ping-check-connection)
[Client:extension:2afc:liveshare:connection:E417C2ACFE8D604B6BFE791BD566C97D1BA9:liveshare:WorkspaceClient V] Receiving #47 SessionRequestFailureMessage
[Client:extension:2afc:liveshare:connection:E417C2ACFE8D604B6BFE791BD566C97D1BA9:liveshare:WorkspaceClient:1 V] checkConnectionWithTimeout -> 'succeeded' t:8.0
[Client:extension:2afc:resolver:resolve:1:background-tasks:activity-monitor:vscode-activity-provider V] sending activity heartbeat
[Client:extension:2afc:resolver:resolve:1:background-tasks:activity-monitor:vscode-activity-provider I] Executed notify-codespace-of-client-activity using gRPC
[Client:extension:2afc:resolver:resolve:1:background-tasks:activity-monitor:vscode-activity-provider I] Activity signal sent with result true
[Client:extension:2afc:liveshare:connection:E417C2ACFE8D604B6BFE791BD566C97D1BA9:liveshare:WorkspaceClient:1 V] checkConnectionWithTimeout -> 'started'
[Client:extension:2afc:liveshare:connection:E417C2ACFE8D604B6BFE791BD566C97D1BA9:liveshare:WorkspaceClient V] checking ssh connection
[Client:extension:2afc:liveshare:connection:E417C2ACFE8D604B6BFE791BD566C97D1BA9:liveshare:WorkspaceClient V] Sending #40 SessionRequestMessage (requestType=ping-check-connection)
[Client:extension:2afc:liveshare:connection:E417C2ACFE8D604B6BFE791BD566C97D1BA9:liveshare:WorkspaceClient V] Receiving #48 SessionRequestFailureMessage
[Client:extension:2afc:liveshare:connection:E417C2ACFE8D604B6BFE791BD566C97D1BA9:liveshare:WorkspaceClient:1 V] checkConnectionWithTimeout -> 'succeeded' t:4.0
[Client:extension:2afc:liveshare:connection:E417C2ACFE8D604B6BFE791BD566C97D1BA9:liveshare:WorkspaceClient:1 V] checkConnectionWithTimeout -> 'started'
[Client:extension:2afc:liveshare:connection:E417C2ACFE8D604B6BFE791BD566C97D1BA9:liveshare:WorkspaceClient V] checking ssh connection
[Client:extension:2afc:liveshare:connection:E417C2ACFE8D604B6BFE791BD566C97D1BA9:liveshare:WorkspaceClient V] Sending #41 SessionRequestMessage (requestType=ping-check-connection)
[Client:extension:2afc:liveshare:connection:E417C2ACFE8D604B6BFE791BD566C97D1BA9:liveshare:WorkspaceClient V] Receiving #50 SessionRequestFailureMessage
[Client:extension:2afc:liveshare:connection:E417C2ACFE8D604B6BFE791BD566C97D1BA9:liveshare:WorkspaceClient:1 V] checkConnectionWithTimeout -> 'succeeded' t:4.0
[Client:extension:2afc:liveshare:connection:E417C2ACFE8D604B6BFE791BD566C97D1BA9:liveshare:WorkspaceClient:1 V] checkConnectionWithTimeout -> 'started'
[Client:extension:2afc:liveshare:connection:E417C2ACFE8D604B6BFE791BD566C97D1BA9:liveshare:WorkspaceClient V] checking ssh connection
[Client:extension:2afc:liveshare:connection:E417C2ACFE8D604B6BFE791BD566C97D1BA9:liveshare:WorkspaceClient V] Sending #42 SessionRequestMessage (requestType=ping-check-connection)
[Client:extension:2afc:liveshare:connection:E417C2ACFE8D604B6BFE791BD566C97D1BA9:liveshare:WorkspaceClient V] Receiving #51 SessionRequestFailureMessage
[Client:extension:2afc:liveshare:connection:E417C2ACFE8D604B6BFE791BD566C97D1BA9:liveshare:WorkspaceClient:1 V] checkConnectionWithTimeout -> 'succeeded' t:4.0
[Performance I] Executed get-performance-data using gRPC
[Client:extension:2afc:liveshare:connection:E417C2ACFE8D604B6BFE791BD566C97D1BA9:liveshare:WorkspaceClient:1 V] checkConnectionWithTimeout -> 'started'
[Client:extension:2afc:liveshare:connection:E417C2ACFE8D604B6BFE791BD566C97D1BA9:liveshare:WorkspaceClient V] checking ssh connection
[Client:extension:2afc:liveshare:connection:E417C2ACFE8D604B6BFE791BD566C97D1BA9:liveshare:WorkspaceClient V] Sending #43 SessionRequestMessage (requestType=ping-check-connection)
[Client:extension:2afc:liveshare:connection:E417C2ACFE8D604B6BFE791BD566C97D1BA9:liveshare:WorkspaceClient V] Receiving #52 SessionRequestFailureMessage
[Client:extension:2afc:liveshare:connection:E417C2ACFE8D604B6BFE791BD566C97D1BA9:liveshare:WorkspaceClient:1 V] checkConnectionWithTimeout -> 'succeeded' t:5.0
[Client:extension:2afc:liveshare:connection:E417C2ACFE8D604B6BFE791BD566C97D1BA9:liveshare:WorkspaceClient:1 V] checkConnectionWithTimeout -> 'started'
[Client:extension:2afc:liveshare:connection:E417C2ACFE8D604B6BFE791BD566C97D1BA9:liveshare:WorkspaceClient V] checking ssh connection
[Client:extension:2afc:liveshare:connection:E417C2ACFE8D604B6BFE791BD566C97D1BA9:liveshare:WorkspaceClient V] Sending #44 SessionRequestMessage (requestType=ping-check-connection)
[Client:extension:2afc:liveshare:connection:E417C2ACFE8D604B6BFE791BD566C97D1BA9:liveshare:WorkspaceClient V] Receiving #54 SessionRequestFailureMessage
[Client:extension:2afc:liveshare:connection:E417C2ACFE8D604B6BFE791BD566C97D1BA9:liveshare:WorkspaceClient:1 V] checkConnectionWithTimeout -> 'succeeded' t:3.0
[Client:extension:2afc:liveshare:connection:E417C2ACFE8D604B6BFE791BD566C97D1BA9:liveshare:WorkspaceClient:1 V] checkConnectionWithTimeout -> 'started'
[Client:extension:2afc:liveshare:connection:E417C2ACFE8D604B6BFE791BD566C97D1BA9:liveshare:WorkspaceClient V] checking ssh connection
[Client:extension:2afc:liveshare:connection:E417C2ACFE8D604B6BFE791BD566C97D1BA9:liveshare:WorkspaceClient V] Sending #45 SessionRequestMessage (requestType=ping-check-connection)
[Client:extension:2afc:liveshare:connection:E417C2ACFE8D604B6BFE791BD566C97D1BA9:liveshare:WorkspaceClient V] Receiving #55 SessionRequestFailureMessage
[Client:extension:2afc:liveshare:connection:E417C2ACFE8D604B6BFE791BD566C97D1BA9:liveshare:WorkspaceClient:1 V] checkConnectionWithTimeout -> 'succeeded' t:5.0
[Client:extension:2afc:liveshare:connection:E417C2ACFE8D604B6BFE791BD566C97D1BA9:liveshare:WorkspaceClient:1 V] checkConnectionWithTimeout -> 'started'
[Client:extension:2afc:liveshare:connection:E417C2ACFE8D604B6BFE791BD566C97D1BA9:liveshare:WorkspaceClient V] checking ssh connection
[Client:extension:2afc:liveshare:connection:E417C2ACFE8D604B6BFE791BD566C97D1BA9:liveshare:WorkspaceClient V] Sending #46 SessionRequestMessage (requestType=ping-check-connection)
[Client:extension:2afc:liveshare:connection:E417C2ACFE8D604B6BFE791BD566C97D1BA9:liveshare:WorkspaceClient V] Receiving #56 SessionRequestFailureMessage
[Client:extension:2afc:liveshare:connection:E417C2ACFE8D604B6BFE791BD566C97D1BA9:liveshare:WorkspaceClient:1 V] checkConnectionWithTimeout -> 'succeeded' t:4.0
[Performance I] Executed get-performance-data using gRPC
[Client:extension:2afc:liveshare:connection:E417C2ACFE8D604B6BFE791BD566C97D1BA9:liveshare:WorkspaceClient:1 V] checkConnectionWithTimeout -> 'started'
[Client:extension:2afc:liveshare:connection:E417C2ACFE8D604B6BFE791BD566C97D1BA9:liveshare:WorkspaceClient V] checking ssh connection
[Client:extension:2afc:liveshare:connection:E417C2ACFE8D604B6BFE791BD566C97D1BA9:liveshare:WorkspaceClient V] Sending #47 SessionRequestMessage (requestType=ping-check-connection)
[Client:extension:2afc:liveshare:connection:E417C2ACFE8D604B6BFE791BD566C97D1BA9:liveshare:WorkspaceClient V] Receiving #58 SessionRequestFailureMessage
[Client:extension:2afc:liveshare:connection:E417C2ACFE8D604B6BFE791BD566C97D1BA9:liveshare:WorkspaceClient:1 V] checkConnectionWithTimeout -> 'succeeded' t:5.0
[Client:extension:2afc:liveshare:connection:E417C2ACFE8D604B6BFE791BD566C97D1BA9:liveshare:WorkspaceClient:1 V] checkConnectionWithTimeout -> 'started'
[Client:extension:2afc:liveshare:connection:E417C2ACFE8D604B6BFE791BD566C97D1BA9:liveshare:WorkspaceClient V] checking ssh connection
[Client:extension:2afc:liveshare:connection:E417C2ACFE8D604B6BFE791BD566C97D1BA9:liveshare:WorkspaceClient V] Sending #48 SessionRequestMessage (requestType=ping-check-connection)
[Client:extension:2afc:liveshare:connection:E417C2ACFE8D604B6BFE791BD566C97D1BA9:liveshare:WorkspaceClient V] Receiving #59 SessionRequestFailureMessage
[Client:extension:2afc:liveshare:connection:E417C2ACFE8D604B6BFE791BD566C97D1BA9:liveshare:WorkspaceClient:1 V] checkConnectionWithTimeout -> 'succeeded' t:5.0
[Client:extension:2afc:liveshare:connection:E417C2ACFE8D604B6BFE791BD566C97D1BA9:liveshare:WorkspaceClient:1 V] checkConnectionWithTimeout -> 'started'
[Client:extension:2afc:liveshare:connection:E417C2ACFE8D604B6BFE791BD566C97D1BA9:liveshare:WorkspaceClient V] checking ssh connection
[Client:extension:2afc:liveshare:connection:E417C2ACFE8D604B6BFE791BD566C97D1BA9:liveshare:WorkspaceClient V] Sending #49 SessionRequestMessage (requestType=ping-check-connection)
[Client:extension:2afc:liveshare:connection:E417C2ACFE8D604B6BFE791BD566C97D1BA9:liveshare:WorkspaceClient V] Receiving #60 SessionRequestFailureMessage
[Client:extension:2afc:liveshare:connection:E417C2ACFE8D604B6BFE791BD566C97D1BA9:liveshare:WorkspaceClient:1 V] checkConnectionWithTimeout -> 'succeeded' t:6.0
[Client:extension:2afc:liveshare:connection:E417C2ACFE8D604B6BFE791BD566C97D1BA9:liveshare:WorkspaceClient:1 V] checkConnectionWithTimeout -> 'started'
[Client:extension:2afc:liveshare:connection:E417C2ACFE8D604B6BFE791BD566C97D1BA9:liveshare:WorkspaceClient V] checking ssh connection
[Client:extension:2afc:liveshare:connection:E417C2ACFE8D604B6BFE791BD566C97D1BA9:liveshare:WorkspaceClient V] Sending #50 SessionRequestMessage (requestType=ping-check-connection)
[Client:extension:2afc:liveshare:connection:E417C2ACFE8D604B6BFE791BD566C97D1BA9:liveshare:WorkspaceClient V] Receiving #62 SessionRequestFailureMessage
[Client:extension:2afc:liveshare:connection:E417C2ACFE8D604B6BFE791BD566C97D1BA9:liveshare:WorkspaceClient:1 V] checkConnectionWithTimeout -> 'succeeded' t:5.0
[Client:extension:2afc:liveshare:connection:E417C2ACFE8D604B6BFE791BD566C97D1BA9:liveshare:WorkspaceClient:1 V] checkConnectionWithTimeout -> 'started'
[Client:extension:2afc:liveshare:connection:E417C2ACFE8D604B6BFE791BD566C97D1BA9:liveshare:WorkspaceClient V] checking ssh connection
[Client:extension:2afc:liveshare:connection:E417C2ACFE8D604B6BFE791BD566C97D1BA9:liveshare:WorkspaceClient V] Sending #51 SessionRequestMessage (requestType=ping-check-connection)
[Client:extension:2afc:liveshare:connection:E417C2ACFE8D604B6BFE791BD566C97D1BA9:liveshare:WorkspaceClient V] Receiving #63 SessionRequestFailureMessage
[Client:extension:2afc:liveshare:connection:E417C2ACFE8D604B6BFE791BD566C97D1BA9:liveshare:WorkspaceClient:1 V] checkConnectionWithTimeout -> 'succeeded' t:6.0
[Performance I] Executed get-performance-data using gRPC
[Client:extension:2afc:liveshare:connection:E417C2ACFE8D604B6BFE791BD566C97D1BA9:liveshare:WorkspaceClient:1 V] checkConnectionWithTimeout -> 'started'
[Client:extension:2afc:liveshare:connection:E417C2ACFE8D604B6BFE791BD566C97D1BA9:liveshare:WorkspaceClient V] checking ssh connection
[Client:extension:2afc:liveshare:connection:E417C2ACFE8D604B6BFE791BD566C97D1BA9:liveshare:WorkspaceClient V] Sending #52 SessionRequestMessage (requestType=ping-check-connection)
[Client:extension:2afc:liveshare:connection:E417C2ACFE8D604B6BFE791BD566C97D1BA9:liveshare:WorkspaceClient V] Receiving #64 SessionRequestFailureMessage
[Client:extension:2afc:liveshare:connection:E417C2ACFE8D604B6BFE791BD566C97D1BA9:liveshare:WorkspaceClient:1 V] checkConnectionWithTimeout -> 'succeeded' t:5.0
[Client:extension:2afc:liveshare:connection:E417C2ACFE8D604B6BFE791BD566C97D1BA9:liveshare:WorkspaceClient V] > serverSharing.sharingSucceeded: 
[Client:extension:2afc:liveshare:connection:E417C2ACFE8D604B6BFE791BD566C97D1BA9:liveshare:WorkspaceClient:1 V] checkConnectionWithTimeout -> 'started'
[Client:extension:2afc:liveshare:connection:E417C2ACFE8D604B6BFE791BD566C97D1BA9:liveshare:WorkspaceClient V] checking ssh connection
[Client:extension:2afc:liveshare:connection:E417C2ACFE8D604B6BFE791BD566C97D1BA9:liveshare:WorkspaceClient V] Sending #53 SessionRequestMessage (requestType=ping-check-connection)
[Client:extension:2afc:liveshare:connection:E417C2ACFE8D604B6BFE791BD566C97D1BA9:liveshare:WorkspaceClient V] Receiving #67 SessionRequestFailureMessage
[Client:extension:2afc:liveshare:connection:E417C2ACFE8D604B6BFE791BD566C97D1BA9:liveshare:WorkspaceClient:1 V] checkConnectionWithTimeout -> 'succeeded' t:4.0
[Client:extension:2afc:liveshare:connection:E417C2ACFE8D604B6BFE791BD566C97D1BA9:liveshare:WorkspaceClient:1 V] checkConnectionWithTimeout -> 'started'
[Client:extension:2afc:liveshare:connection:E417C2ACFE8D604B6BFE791BD566C97D1BA9:liveshare:WorkspaceClient V] checking ssh connection
[Client:extension:2afc:liveshare:connection:E417C2ACFE8D604B6BFE791BD566C97D1BA9:liveshare:WorkspaceClient V] Sending #54 SessionRequestMessage (requestType=ping-check-connection)
[Client:extension:2afc:liveshare:connection:E417C2ACFE8D604B6BFE791BD566C97D1BA9:liveshare:WorkspaceClient V] Receiving #68 SessionRequestFailureMessage
[Client:extension:2afc:liveshare:connection:E417C2ACFE8D604B6BFE791BD566C97D1BA9:liveshare:WorkspaceClient:1 V] checkConnectionWithTimeout -> 'succeeded' t:9.0
[Client:extension:2afc:liveshare:connection:E417C2ACFE8D604B6BFE791BD566C97D1BA9:liveshare:WorkspaceClient:1 V] checkConnectionWithTimeout -> 'started'
[Client:extension:2afc:liveshare:connection:E417C2ACFE8D604B6BFE791BD566C97D1BA9:liveshare:WorkspaceClient V] checking ssh connection
[Client:extension:2afc:liveshare:connection:E417C2ACFE8D604B6BFE791BD566C97D1BA9:liveshare:WorkspaceClient V] Sending #55 SessionRequestMessage (requestType=ping-check-connection)
[Client:extension:2afc:liveshare:connection:E417C2ACFE8D604B6BFE791BD566C97D1BA9:liveshare:WorkspaceClient V] Receiving #69 SessionRequestFailureMessage
[Client:extension:2afc:liveshare:connection:E417C2ACFE8D604B6BFE791BD566C97D1BA9:liveshare:WorkspaceClient:1 V] checkConnectionWithTimeout -> 'succeeded' t:3.0
[Performance I] Executed get-performance-data using gRPC
[Client:extension:2afc:liveshare:connection:E417C2ACFE8D604B6BFE791BD566C97D1BA9:liveshare:WorkspaceClient:1 V] checkConnectionWithTimeout -> 'started'
[Client:extension:2afc:liveshare:connection:E417C2ACFE8D604B6BFE791BD566C97D1BA9:liveshare:WorkspaceClient V] checking ssh connection
[Client:extension:2afc:liveshare:connection:E417C2ACFE8D604B6BFE791BD566C97D1BA9:liveshare:WorkspaceClient V] Sending #56 SessionRequestMessage (requestType=ping-check-connection)
[Client:extension:2afc:liveshare:connection:E417C2ACFE8D604B6BFE791BD566C97D1BA9:liveshare:WorkspaceClient V] Receiving #71 SessionRequestFailureMessage
[Client:extension:2afc:liveshare:connection:E417C2ACFE8D604B6BFE791BD566C97D1BA9:liveshare:WorkspaceClient:1 V] checkConnectionWithTimeout -> 'succeeded' t:5.0
[Client:extension:2afc:liveshare:connection:E417C2ACFE8D604B6BFE791BD566C97D1BA9:liveshare:WorkspaceClient:1 V] checkConnectionWithTimeout -> 'started'
[Client:extension:2afc:liveshare:connection:E417C2ACFE8D604B6BFE791BD566C97D1BA9:liveshare:WorkspaceClient V] checking ssh connection
[Client:extension:2afc:liveshare:connection:E417C2ACFE8D604B6BFE791BD566C97D1BA9:liveshare:WorkspaceClient V] Sending #57 SessionRequestMessage (requestType=ping-check-connection)
[Client:extension:2afc:liveshare:connection:E417C2ACFE8D604B6BFE791BD566C97D1BA9:liveshare:WorkspaceClient V] Receiving #72 SessionRequestFailureMessage
[Client:extension:2afc:liveshare:connection:E417C2ACFE8D604B6BFE791BD566C97D1BA9:liveshare:WorkspaceClient:1 V] checkConnectionWithTimeout -> 'succeeded' t:5.0
[Client:extension:2afc:liveshare:connection:E417C2ACFE8D604B6BFE791BD566C97D1BA9:liveshare:WorkspaceClient V] > serverSharing.sharingSucceeded: 
[Client:extension:2afc:liveshare:connection:E417C2ACFE8D604B6BFE791BD566C97D1BA9:liveshare:WorkspaceClient V] > sourceEvent.event: 
[Client:extension:2afc:liveshare:connection:E417C2ACFE8D604B6BFE791BD566C97D1BA9:liveshare:WorkspaceClient V] > sourceEvent.event: 
[Client:extension:2afc:resolver:resolve:1:background-tasks:activity-monitor:vscode-activity-provider V] sending activity heartbeat
[Client:extension:2afc:resolver:resolve:1:background-tasks:activity-monitor:vscode-activity-provider I] Executed notify-codespace-of-client-activity using gRPC
[Client:extension:2afc:resolver:resolve:1:background-tasks:activity-monitor:vscode-activity-provider I] Activity signal sent with result true
[Client:extension:2afc:liveshare:connection:E417C2ACFE8D604B6BFE791BD566C97D1BA9:liveshare:WorkspaceClient:1 V] checkConnectionWithTimeout -> 'started'
[Client:extension:2afc:liveshare:connection:E417C2ACFE8D604B6BFE791BD566C97D1BA9:liveshare:WorkspaceClient V] checking ssh connection
[Client:extension:2afc:liveshare:connection:E417C2ACFE8D604B6BFE791BD566C97D1BA9:liveshare:WorkspaceClient V] Sending #58 SessionRequestMessage (requestType=ping-check-connection)
[Client:extension:2afc:liveshare:connection:E417C2ACFE8D604B6BFE791BD566C97D1BA9:liveshare:WorkspaceClient V] Receiving #77 SessionRequestFailureMessage
[Client:extension:2afc:liveshare:connection:E417C2ACFE8D604B6BFE791BD566C97D1BA9:liveshare:WorkspaceClient:1 V] checkConnectionWithTimeout -> 'succeeded' t:8.0
[Client:extension:2afc:liveshare:connection:E417C2ACFE8D604B6BFE791BD566C97D1BA9:liveshare:WorkspaceClient:1 V] checkConnectionWithTimeout -> 'started'
[Client:extension:2afc:liveshare:connection:E417C2ACFE8D604B6BFE791BD566C97D1BA9:liveshare:WorkspaceClient V] checking ssh connection
[Client:extension:2afc:liveshare:connection:E417C2ACFE8D604B6BFE791BD566C97D1BA9:liveshare:WorkspaceClient V] Sending #59 SessionRequestMessage (requestType=ping-check-connection)
[Client:extension:2afc:liveshare:connection:E417C2ACFE8D604B6BFE791BD566C97D1BA9:liveshare:WorkspaceClient V] Receiving #78 SessionRequestFailureMessage
[Client:extension:2afc:liveshare:connection:E417C2ACFE8D604B6BFE791BD566C97D1BA9:liveshare:WorkspaceClient:1 V] checkConnectionWithTimeout -> 'succeeded' t:13.0
[Client:extension:2afc:liveshare:connection:E417C2ACFE8D604B6BFE791BD566C97D1BA9:liveshare:WorkspaceClient:1 V] checkConnectionWithTimeout -> 'started'
[Client:extension:2afc:liveshare:connection:E417C2ACFE8D604B6BFE791BD566C97D1BA9:liveshare:WorkspaceClient V] checking ssh connection
[Client:extension:2afc:liveshare:connection:E417C2ACFE8D604B6BFE791BD566C97D1BA9:liveshare:WorkspaceClient V] Sending #60 SessionRequestMessage (requestType=ping-check-connection)
[Client:extension:2afc:liveshare:connection:E417C2ACFE8D604B6BFE791BD566C97D1BA9:liveshare:WorkspaceClient V] Receiving #79 SessionRequestFailureMessage
[Client:extension:2afc:liveshare:connection:E417C2ACFE8D604B6BFE791BD566C97D1BA9:liveshare:WorkspaceClient:1 V] checkConnectionWithTimeout -> 'succeeded' t:17.0
[Performance I] Executed get-performance-data using gRPC
[Performance I] Executed get-performance-data using gRPC
[Client:extension:2afc:liveshare:connection:E417C2ACFE8D604B6BFE791BD566C97D1BA9:liveshare:WorkspaceClient:1 V] checkConnectionWithTimeout -> 'started'
[Client:extension:2afc:liveshare:connection:E417C2ACFE8D604B6BFE791BD566C97D1BA9:liveshare:WorkspaceClient V] checking ssh connection
[Client:extension:2afc:liveshare:connection:E417C2ACFE8D604B6BFE791BD566C97D1BA9:liveshare:WorkspaceClient V] Sending #61 SessionRequestMessage (requestType=ping-check-connection)
[Client:extension:2afc:liveshare:connection:E417C2ACFE8D604B6BFE791BD566C97D1BA9:liveshare:WorkspaceClient V] Receiving #81 SessionRequestFailureMessage
[Client:extension:2afc:liveshare:connection:E417C2ACFE8D604B6BFE791BD566C97D1BA9:liveshare:WorkspaceClient:1 V] checkConnectionWithTimeout -> 'succeeded' t:4.0
[Performance I] Executed get-performance-data using gRPC
[Client:extension:2afc:liveshare:connection:E417C2ACFE8D604B6BFE791BD566C97D1BA9:liveshare:WorkspaceClient:1 V] checkConnectionWithTimeout -> 'started'
[Client:extension:2afc:liveshare:connection:E417C2ACFE8D604B6BFE791BD566C97D1BA9:liveshare:WorkspaceClient V] checking ssh connection
[Client:extension:2afc:liveshare:connection:E417C2ACFE8D604B6BFE791BD566C97D1BA9:liveshare:WorkspaceClient V] Sending #62 SessionRequestMessage (requestType=ping-check-connection)
[Client:extension:2afc:liveshare:connection:E417C2ACFE8D604B6BFE791BD566C97D1BA9:liveshare:WorkspaceClient V] Receiving #82 SessionRequestFailureMessage
[Client:extension:2afc:liveshare:connection:E417C2ACFE8D604B6BFE791BD566C97D1BA9:liveshare:WorkspaceClient:1 V] checkConnectionWithTimeout -> 'succeeded' t:5.0
[Client:extension:2afc:liveshare:connection:E417C2ACFE8D604B6BFE791BD566C97D1BA9:liveshare:WorkspaceClient:1 V] checkConnectionWithTimeout -> 'started'
[Client:extension:2afc:liveshare:connection:E417C2ACFE8D604B6BFE791BD566C97D1BA9:liveshare:WorkspaceClient V] checking ssh connection
[Client:extension:2afc:liveshare:connection:E417C2ACFE8D604B6BFE791BD566C97D1BA9:liveshare:WorkspaceClient V] Sending #63 SessionRequestMessage (requestType=ping-check-connection)
[Client:extension:2afc:liveshare:connection:E417C2ACFE8D604B6BFE791BD566C97D1BA9:liveshare:WorkspaceClient V] Receiving #83 SessionRequestFailureMessage
[Client:extension:2afc:liveshare:connection:E417C2ACFE8D604B6BFE791BD566C97D1BA9:liveshare:WorkspaceClient:1 V] checkConnectionWithTimeout -> 'succeeded' t:5.0
[Client:extension:2afc:liveshare:connection:E417C2ACFE8D604B6BFE791BD566C97D1BA9:liveshare:WorkspaceClient:1 V] checkConnectionWithTimeout -> 'started'
[Client:extension:2afc:liveshare:connection:E417C2ACFE8D604B6BFE791BD566C97D1BA9:liveshare:WorkspaceClient V] checking ssh connection
[Client:extension:2afc:liveshare:connection:E417C2ACFE8D604B6BFE791BD566C97D1BA9:liveshare:WorkspaceClient V] Sending #64 SessionRequestMessage (requestType=ping-check-connection)
[Client:extension:2afc:liveshare:connection:E417C2ACFE8D604B6BFE791BD566C97D1BA9:liveshare:WorkspaceClient V] Receiving #85 SessionRequestFailureMessage
[Client:extension:2afc:liveshare:connection:E417C2ACFE8D604B6BFE791BD566C97D1BA9:liveshare:WorkspaceClient:1 V] checkConnectionWithTimeout -> 'succeeded' t:6.0
