2024-02-06 09:07:30.827 [info] Reading sessions from keychain...
2024-02-06 09:07:30.827 [info] Getting sessions for all scopes...
2024-02-06 09:07:30.827 [info] Getting sessions for user:email...
2024-02-06 09:07:30.827 [info] Got stored sessions!
2024-02-06 09:07:30.827 [info] Got 6 verified sessions.
2024-02-06 09:07:30.827 [info] Got 6 sessions for ...
2024-02-06 09:07:30.827 [info] Got 1 sessions for user:email...
2024-02-06 09:07:30.873 [info] Getting sessions for all scopes...
2024-02-06 09:07:30.873 [info] Got 6 sessions for ...
2024-02-06 09:07:30.984 [info] Getting sessions for codespace,read:user,repo,user:email...
2024-02-06 09:07:30.984 [info] Getting sessions for all scopes...
2024-02-06 09:07:30.984 [info] Got 1 sessions for codespace,read:user,repo,user:email...
2024-02-06 09:07:30.985 [info] Got 6 sessions for ...
2024-02-06 09:07:32.362 [info] Getting sessions for all scopes...
2024-02-06 09:07:32.362 [info] Got 6 sessions for ...
2024-02-06 09:07:34.513 [info] Getting sessions for all scopes...
2024-02-06 09:07:34.513 [info] Got 6 sessions for ...
2024-02-06 09:07:34.723 [info] Getting sessions for all scopes...
2024-02-06 09:07:34.733 [info] Got 6 sessions for ...
2024-02-06 09:07:36.088 [info] Getting sessions for all scopes...
2024-02-06 09:07:36.089 [info] Got 6 sessions for ...
2024-02-06 09:07:36.510 [info] Getting sessions for read:user...
2024-02-06 09:07:36.510 [info] Getting sessions for all scopes...
2024-02-06 09:07:36.510 [info] Got 1 sessions for read:user...
2024-02-06 09:07:36.511 [info] Got 6 sessions for ...
2024-02-06 09:07:37.348 [info] Getting sessions for project,read:org,read:user,repo,user:email,workflow...
2024-02-06 09:07:37.348 [info] Got 0 sessions for project,read:org,read:user,repo,user:email,workflow...
2024-02-06 09:07:37.521 [info] Getting sessions for user:email...
2024-02-06 09:07:37.521 [info] Got 1 sessions for user:email...
2024-02-06 09:07:40.588 [info] Getting sessions for read:user,repo,user:email,workflow...
2024-02-06 09:07:40.588 [info] Got 1 sessions for read:user,repo,user:email,workflow...
2024-02-06 09:07:42.681 [info] Getting sessions for read:user,repo,user:email,workflow...
2024-02-06 09:07:42.681 [info] Got 1 sessions for read:user,repo,user:email,workflow...
