2024-02-06 08:51:32.929 [info] Reading sessions from keychain...
2024-02-06 08:51:32.929 [info] Getting sessions for all scopes...
2024-02-06 08:51:32.929 [info] Getting sessions for user:email...
2024-02-06 08:51:32.929 [info] Got stored sessions!
2024-02-06 08:51:32.929 [info] Got 6 verified sessions.
2024-02-06 08:51:32.929 [info] Got 6 sessions for ...
2024-02-06 08:51:32.929 [info] Got 1 sessions for user:email...
2024-02-06 08:51:32.929 [info] Getting sessions for all scopes...
2024-02-06 08:51:32.929 [info] Got 6 sessions for ...
2024-02-06 08:51:33.009 [info] Getting sessions for codespace,read:user,repo,user:email...
2024-02-06 08:51:33.009 [info] Got 1 sessions for codespace,read:user,repo,user:email...
2024-02-06 08:51:33.057 [info] Getting sessions for all scopes...
2024-02-06 08:51:33.057 [info] Got 6 sessions for ...
2024-02-06 08:51:35.479 [info] Getting sessions for all scopes...
2024-02-06 08:51:35.479 [info] Got 6 sessions for ...
2024-02-06 08:51:36.364 [info] Getting sessions for all scopes...
2024-02-06 08:51:36.364 [info] Got 6 sessions for ...
2024-02-06 08:51:37.704 [info] Getting sessions for all scopes...
2024-02-06 08:51:37.704 [info] Got 6 sessions for ...
2024-02-06 08:51:38.834 [info] Getting sessions for all scopes...
2024-02-06 08:51:38.835 [info] Got 6 sessions for ...
2024-02-06 08:51:39.360 [info] Getting sessions for read:user...
2024-02-06 08:51:39.361 [info] Getting sessions for all scopes...
2024-02-06 08:51:39.361 [info] Got 1 sessions for read:user...
2024-02-06 08:51:39.362 [info] Got 6 sessions for ...
2024-02-06 08:51:41.203 [info] Getting sessions for user:email...
2024-02-06 08:51:41.203 [info] Getting sessions for project,read:org,read:user,repo,user:email,workflow...
2024-02-06 08:51:41.203 [info] Got 1 sessions for user:email...
2024-02-06 08:51:41.204 [info] Got 0 sessions for project,read:org,read:user,repo,user:email,workflow...
2024-02-06 08:51:42.703 [info] Getting sessions for read:user,repo,user:email,workflow...
2024-02-06 08:51:42.703 [info] Got 1 sessions for read:user,repo,user:email,workflow...
2024-02-06 08:51:44.711 [info] Getting sessions for read:user,repo,user:email,workflow...
2024-02-06 08:51:44.711 [info] Got 1 sessions for read:user,repo,user:email,workflow...
