2024-02-07 01:18:43.680 [info] Reading sessions from keychain...
2024-02-07 01:18:43.680 [info] Getting sessions for all scopes...
2024-02-07 01:18:43.680 [info] Getting sessions for user:email...
2024-02-07 01:18:43.680 [info] Got stored sessions!
2024-02-07 01:18:43.680 [info] Got 6 verified sessions.
2024-02-07 01:18:43.680 [info] Got 6 sessions for ...
2024-02-07 01:18:43.680 [info] Got 1 sessions for user:email...
2024-02-07 01:18:43.680 [info] Getting sessions for all scopes...
2024-02-07 01:18:43.680 [info] Got 6 sessions for ...
2024-02-07 01:18:43.760 [info] Getting sessions for codespace,read:user,repo,user:email...
2024-02-07 01:18:43.760 [info] Got 1 sessions for codespace,read:user,repo,user:email...
2024-02-07 01:18:44.531 [info] Getting sessions for all scopes...
2024-02-07 01:18:44.531 [info] Got 6 sessions for ...
2024-02-07 01:18:46.687 [info] Getting sessions for all scopes...
2024-02-07 01:18:46.687 [info] Got 6 sessions for ...
2024-02-07 01:18:47.764 [info] Getting sessions for all scopes...
2024-02-07 01:18:47.765 [info] Got 6 sessions for ...
2024-02-07 01:18:47.955 [info] Getting sessions for all scopes...
2024-02-07 01:18:47.955 [info] Got 6 sessions for ...
2024-02-07 01:18:48.991 [info] Getting sessions for all scopes...
2024-02-07 01:18:48.992 [info] Got 6 sessions for ...
2024-02-07 01:18:49.497 [info] Getting sessions for read:user...
2024-02-07 01:18:49.497 [info] Getting sessions for all scopes...
2024-02-07 01:18:49.497 [info] Got 1 sessions for read:user...
2024-02-07 01:18:49.497 [info] Got 6 sessions for ...
2024-02-07 01:18:49.907 [info] Getting sessions for project,read:org,read:user,repo,user:email,workflow...
2024-02-07 01:18:49.907 [info] Got 0 sessions for project,read:org,read:user,repo,user:email,workflow...
2024-02-07 01:18:52.998 [info] Getting sessions for read:user,repo,user:email,workflow...
2024-02-07 01:18:52.998 [info] Got 1 sessions for read:user,repo,user:email,workflow...
2024-02-07 01:18:53.170 [info] Getting sessions for user:email...
2024-02-07 01:18:53.170 [info] Got 1 sessions for user:email...
2024-02-07 01:18:55.120 [info] Getting sessions for read:user,repo,user:email,workflow...
2024-02-07 01:18:55.120 [info] Got 1 sessions for read:user,repo,user:email,workflow...
